Change Net Name : Old Net Name=NetU4A_27 New Net Name=PWMC_1
Change Net Name : Old Net Name=NetU4A_28 New Net Name=PWMB_1
Change Net Name : Old Net Name=NetU4A_29 New Net Name=PWMA_1
Change Net Name : Old Net Name=NetU4A_30 New Net Name=GPIOC_1
Change Net Name : Old Net Name=NetU4A_31 New Net Name=GPIOB_1
Change Net Name : Old Net Name=NetU4A_32 New Net Name=GPIOA_1
Change Net Name : Old Net Name=NetU4B_27 New Net Name=PWMC_2
Change Net Name : Old Net Name=NetU4B_28 New Net Name=PWMB_2
Change Net Name : Old Net Name=NetU4B_29 New Net Name=PWMA_2
Change Net Name : Old Net Name=NetU4B_30 New Net Name=GPIOC_2
Change Net Name : Old Net Name=NetU4B_31 New Net Name=GPIOB_2
Change Net Name : Old Net Name=NetU4B_32 New Net Name=GPIOA_2
Change Net Name : Old Net Name=NetU4C_27 New Net Name=PWMC_3
Change Net Name : Old Net Name=NetU4C_28 New Net Name=PWMB_3
Change Net Name : Old Net Name=NetU4C_29 New Net Name=PWMA_3
Change Net Name : Old Net Name=NetU4C_30 New Net Name=GPIOC_3
Change Net Name : Old Net Name=NetU4C_31 New Net Name=GPIOB_3
Change Net Name : Old Net Name=NetU4C_32 New Net Name=GPIOA_3
Change Net Name : Old Net Name=NetU4D_27 New Net Name=PWMC_4
Change Net Name : Old Net Name=NetU4D_28 New Net Name=PWMB_4
Change Net Name : Old Net Name=NetU4D_29 New Net Name=PWMA_4
Change Net Name : Old Net Name=NetU4D_30 New Net Name=GPIOC_4
Change Net Name : Old Net Name=NetU4D_31 New Net Name=GPIOB_4
Change Net Name : Old Net Name=NetU4D_32 New Net Name=GPIOA_4
