Remove Pin from Net: Unknown Pin: Pin S1-1A
Remove Pin from Net: Unknown Pin: Pin S1-1B
Remove Pin from Net: Unknown Pin: Pin S1-2A
Remove Pin from Net: Unknown Pin: Pin S1-2B
Removed Member From Class: ClassName=U_STM32 Member=S1
Added Component: Designator=SW13(SW DIP 2pos)
Add component (AddParameter): Name = "Actuating System"; Value = "Flat"; VariantName = "[No Variations]"
Add component (AddParameter): Name = "Category"; Value = "DIP Switches"; VariantName = "[No Variations]"
Add component (AddParameter): Name = "Color"; Value = "Black, White"; VariantName = "[No Variations]"
Add component (AddParameter): Name = "ComponentLink1Description"; Value = "https://datasheet.octopart.com:443/DS04-254-2-02BK-SMT-Same-Sky-datasheet-183936074.pdf?src-supplier=Future+Electronics"; VariantName = "[No Variations]"
Add component (AddParameter): Name = "ComponentLink1URL"; Value = "https://datasheet.octopart.com:443/DS04-254-2-02BK-SMT-Same-Sky-datasheet-183936074.pdf?src-supplier=Future+Electronics"; VariantName = "[No Variations]"
Add component (AddParameter): Name = "ComponentLink2Description"; Value = "https://datasheet.octopart.com:443/DS04-254-2-02BK-SMT-Same-Sky-datasheet-182049629.pdf?src-supplier=Future+Electronics"; VariantName = "[No Variations]"
Add component (AddParameter): Name = "ComponentLink2URL"; Value = "https://datasheet.octopart.com:443/DS04-254-2-02BK-SMT-Same-Sky-datasheet-182049629.pdf?src-supplier=Future+Electronics"; VariantName = "[No Variations]"
Add component (AddParameter): Name = "ComponentLink3Description"; Value = "https://datasheet.octopart.com:443/DS04-254-2-02BK-SMT-CUI-Devices-datasheet-175928435.pdf?src-supplier=Future+Electronics"; VariantName = "[No Variations]"
Add component (AddParameter): Name = "ComponentLink3URL"; Value = "https://datasheet.octopart.com:443/DS04-254-2-02BK-SMT-CUI-Devices-datasheet-175928435.pdf?src-supplier=Future+Electronics"; VariantName = "[No Variations]"
Add component (AddParameter): Name = "ComponentLink4Description"; Value = "https://datasheet.octopart.com:443/DS04-254-2-02BK-SMT-CUI-Devices-datasheet-175928047.pdf?src-supplier=Future+Electronics"; VariantName = "[No Variations]"
Add component (AddParameter): Name = "ComponentLink4URL"; Value = "https://datasheet.octopart.com:443/DS04-254-2-02BK-SMT-CUI-Devices-datasheet-175928047.pdf?src-supplier=Future+Electronics"; VariantName = "[No Variations]"
Add component (AddParameter): Name = "ComponentLink5Description"; Value = "https://datasheet.octopart.com:443/DS04-254-2-02BK-SMT-CUI-Devices-datasheet-145017154.pdf?src-supplier=Future+Electronics"; VariantName = "[No Variations]"
Add component (AddParameter): Name = "ComponentLink5URL"; Value = "https://datasheet.octopart.com:443/DS04-254-2-02BK-SMT-CUI-Devices-datasheet-145017154.pdf?src-supplier=Future+Electronics"; VariantName = "[No Variations]"
Add component (AddParameter): Name = "ComponentLink6Description"; Value = "https://datasheet.octopart.com:443/DS04-254-2-02BK-SMT-CUI-Devices-datasheet-142693369.pdf?src-supplier=Future+Electronics"; VariantName = "[No Variations]"
Add component (AddParameter): Name = "ComponentLink6URL"; Value = "https://datasheet.octopart.com:443/DS04-254-2-02BK-SMT-CUI-Devices-datasheet-142693369.pdf?src-supplier=Future+Electronics"; VariantName = "[No Variations]"
Add component (AddParameter): Name = "ComponentLink7Description"; Value = "https://datasheet.octopart.com:443/DS04-254-2-02BK-SMT-CUI-Devices-datasheet-180436365.pdf?src-supplier=IHS"; VariantName = "[No Variations]"
Add component (AddParameter): Name = "ComponentLink7URL"; Value = "https://datasheet.octopart.com:443/DS04-254-2-02BK-SMT-CUI-Devices-datasheet-180436365.pdf?src-supplier=IHS"; VariantName = "[No Variations]"
Add component (AddParameter): Name = "ComponentLink8Description"; Value = "https://datasheet.octopart.com:443/DS04-254-2-02BK-SMT-Same-Sky-datasheet-181916182.pdf?src-supplier=Same+Sky"; VariantName = "[No Variations]"
Add component (AddParameter): Name = "ComponentLink8URL"; Value = "https://datasheet.octopart.com:443/DS04-254-2-02BK-SMT-Same-Sky-datasheet-181916182.pdf?src-supplier=Same+Sky"; VariantName = "[No Variations]"
Add component (AddParameter): Name = "ComponentLink9Description"; Value = "https://datasheet.octopart.com:443/DS04-254-2-02BK-SMT-Same-Sky-datasheet-182880576.pdf?src-supplier=Electro+Sonic"; VariantName = "[No Variations]"
Add component (AddParameter): Name = "ComponentLink9URL"; Value = "https://datasheet.octopart.com:443/DS04-254-2-02BK-SMT-Same-Sky-datasheet-182880576.pdf?src-supplier=Electro+Sonic"; VariantName = "[No Variations]"
Add component (AddParameter): Name = "ComponentLink10Description"; Value = "https://datasheet.octopart.com:443/DS04-254-2-02BK-SMT-Same-Sky-datasheet-189104869.pdf?src-supplier=Master+Electronics"; VariantName = "[No Variations]"
Add component (AddParameter): Name = "ComponentLink10URL"; Value = "https://datasheet.octopart.com:443/DS04-254-2-02BK-SMT-Same-Sky-datasheet-189104869.pdf?src-supplier=Master+Electronics"; VariantName = "[No Variations]"
Add component (AddParameter): Name = "ComponentLink11Description"; Value = "https://datasheet.octopart.com:443/DS04-254-2-02BK-SMT-Same-Sky-datasheet-188930658.pdf?src-supplier=TME"; VariantName = "[No Variations]"
Add component (AddParameter): Name = "ComponentLink11URL"; Value = "https://datasheet.octopart.com:443/DS04-254-2-02BK-SMT-Same-Sky-datasheet-188930658.pdf?src-supplier=TME"; VariantName = "[No Variations]"
Add component (AddParameter): Name = "ComponentLink12Description"; Value = "https://datasheet.octopart.com:443/DS04-254-2-02BK-SMT-CUI-Devices-datasheet-175927280.pdf?src-supplier=CUI+Devices+SCT"; VariantName = "[No Variations]"
Add component (AddParameter): Name = "ComponentLink12URL"; Value = "https://datasheet.octopart.com:443/DS04-254-2-02BK-SMT-CUI-Devices-datasheet-175927280.pdf?src-supplier=CUI+Devices+SCT"; VariantName = "[No Variations]"
Add component (AddParameter): Name = "ComponentLink13Description"; Value = "https://datasheet.octopart.com:443/DS04-254-2-02BK-SMT-CUI-Devices-datasheet-142359516.pdf?src-supplier=CUI+Devices+SCT"; VariantName = "[No Variations]"
Add component (AddParameter): Name = "ComponentLink13URL"; Value = "https://datasheet.octopart.com:443/DS04-254-2-02BK-SMT-CUI-Devices-datasheet-142359516.pdf?src-supplier=CUI+Devices+SCT"; VariantName = "[No Variations]"
Add component (AddParameter): Name = "ComponentLink14Description"; Value = "https://octopart.com:443/opatz8j6/c1?t=KyHwsQoOxHilQXwHlhLaxR6uQPrcTFIsqflOAuY0QeFuxIxva9TYkUZ-LM7lO5Ba7KAaBNxPX_5Bs50wtNPi4puj5x5syB82Ue2ErqV0ntG-GEOUYzY5uwguMyU_s6BZ8-QI3Yxhg5izUvInMucpSfB8-IlKoC8TYHqIUSjPwTCN238j-YRaVYMBikcADek5NyLsSPZCW-x5XLl2NZWfkV4-xG2bOctnVFMflyruiBg69uL3NUKU3nXiSWiJktAnka6dTnJVi1oalkQY0kRX7EPcnMRWgECkxaZ9UPW0rYyYs3m3sT_EMwrfIJjns_GEhqZb0fmGpCsrLNMubgAUPI3BIMB7sMjYLjNnh9YiE99pZPBtYA&src-supplier=Compliance+Statements"; VariantName = "[No Variations]"
Add component (AddParameter): Name = "ComponentLink14URL"; Value = "https://octopart.com:443/opatz8j6/c1?t=KyHwsQoOxHilQXwHlhLaxR6uQPrcTFIsqflOAuY0QeFuxIxva9TYkUZ-LM7lO5Ba7KAaBNxPX_5Bs50wtNPi4puj5x5syB82Ue2ErqV0ntG-GEOUYzY5uwguMyU_s6BZ8-QI3Yxhg5izUvInMucpSfB8-IlKoC8TYHqIUSjPwTCN238j-YRaVYMBikcADek5NyLsSPZCW-x5XLl2NZWfkV4-xG2bOctnVFMflyruiBg69uL3NUKU3nXiSWiJktAnka6dTnJVi1oalkQY0kRX7EPcnMRWgECkxaZ9UPW0rYyYs3m3sT_EMwrfIJjns_GEhqZb0fmGpCsrLNMubgAUPI3BIMB7sMjYLjNnh9YiE99pZPBtYA&src-supplier=Compliance+Statements"; VariantName = "[No Variations]"
Add component (AddParameter): Name = "ComponentLink15Description"; Value = "https://octopart.com:443/opatz8j6/c1?t=ZAIkxaY7u9IidJ9WD5qMI92ZH-fdrSO23jxm8H7VDBEdI2CcN2iVm3Ny4OcXyfgsAe4vzDOWA9pfecJGHaFxXg-or96PHkE9uT4pNS8PxErYuwAa-yJtgoHUTcwai-Ep4A7LgAY75DYimtKsHUpga2MqjJmh2SkxliTaMoyQPoy97bs22dqou8dLaYVkQzFoIDaJgKqOCW99Fe-0KasSTvESHcicIUwN5rB9Kp0uzPy6tAs0PImnMKzgiG6EYUGLFWlF97RbNnamXQkNy2_U6kNy2b1WPxF2dTGvZSjmpm8DrkXBMXEqAwq9iioCHUmnEhQK4ttt3ek9jWwhnLwzxiHT2dWWyzJSBblk38mI2HEH&src-supplier=Compliance+Statements"; VariantName = "[No Variations]"
Add component (AddParameter): Name = "ComponentLink15URL"; Value = "https://octopart.com:443/opatz8j6/c1?t=ZAIkxaY7u9IidJ9WD5qMI92ZH-fdrSO23jxm8H7VDBEdI2CcN2iVm3Ny4OcXyfgsAe4vzDOWA9pfecJGHaFxXg-or96PHkE9uT4pNS8PxErYuwAa-yJtgoHUTcwai-Ep4A7LgAY75DYimtKsHUpga2MqjJmh2SkxliTaMoyQPoy97bs22dqou8dLaYVkQzFoIDaJgKqOCW99Fe-0KasSTvESHcicIUwN5rB9Kp0uzPy6tAs0PImnMKzgiG6EYUGLFWlF97RbNnamXQkNy2_U6kNy2b1WPxF2dTGvZSjmpm8DrkXBMXEqAwq9iioCHUmnEhQK4ttt3ek9jWwhnLwzxiHT2dWWyzJSBblk38mI2HEH&src-supplier=Compliance+Statements"; VariantName = "[No Variations]"
Add component (AddParameter): Name = "ComponentLink16Description"; Value = "https://octopart.com:443/opatz8j6/c1?t=gCOHMBnIzho3bqi_77uw478fgxRBgI30YoUASoId1X9cKBDcCGevU6Iy6E9ZoLFd37OylCTumccO5EBqxZyikT9Rhs5NJJPFCL7sniGp9UxOHJ5r_cMLsB5mqS7lf7B9sQLbB11ObeUf26tOg6MAAHuiMEveRM_SVBG_GWh5_tsPQYYJWAxCJ4x2X8z-OFwJgsYVRgr3yDqouYyXdgta_DopTUfySQX9Gcgq3jkKneE_1i-t29d0P4tD8Nbz5c1g3eu9_e14g5xUSDe2BTBFwPEjb_qtyrQNtISYNcGiuCmrSW9HZEaofS51w9aXi38xw9zUkT8ricGxTAe3AHGOgDiPcsvaw6MgSZ0Gsbnvj-ZnFF2AWg&src-supplier=Compliance+Statements"; VariantName = "[No Variations]"
Add component (AddParameter): Name = "ComponentLink16URL"; Value = "https://octopart.com:443/opatz8j6/c1?t=gCOHMBnIzho3bqi_77uw478fgxRBgI30YoUASoId1X9cKBDcCGevU6Iy6E9ZoLFd37OylCTumccO5EBqxZyikT9Rhs5NJJPFCL7sniGp9UxOHJ5r_cMLsB5mqS7lf7B9sQLbB11ObeUf26tOg6MAAHuiMEveRM_SVBG_GWh5_tsPQYYJWAxCJ4x2X8z-OFwJgsYVRgr3yDqouYyXdgta_DopTUfySQX9Gcgq3jkKneE_1i-t29d0P4tD8Nbz5c1g3eu9_e14g5xUSDe2BTBFwPEjb_qtyrQNtISYNcGiuCmrSW9HZEaofS51w9aXi38xw9zUkT8ricGxTAe3AHGOgDiPcsvaw6MgSZ0Gsbnvj-ZnFF2AWg&src-supplier=Compliance+Statements"; VariantName = "[No Variations]"
Add component (AddParameter): Name = "ComponentLink17Description"; Value = "https://octopart.com:443/opatz8j6/c1?t=jv-vUdsGJJBEopPJu8Rv7CJGYYPm4ynYwFko-9PDUuKW1ZWFNnUcFZG_4PYA1AqSgq5oLGkCLbZijBLczV2vhKs8FxpdSA6yi8_iJkVNmv0cAOxSBDY8zEvNeoaw4vLfaO0_NwQ04_dNY9XSZFkW32uzcaz2AtYqpNDfVBTHnjcS-n-rrgy2CoZpANqHz5uDL3KENRrrO_EhxXwLzKcamYWrMLAptrYxRwnZZg3NPJlN-oGHKrWDdn3lkAx1xudSQo9EpEXfGduufD-pBrk6rwdultf4U9R6QmBRt2IrkpR5Tugq8yg4fTNOOhxJwbv_z1pksXnsOpbVmwgwse9S-thkWfg6h-ZazsDSqrE28ah5&src-supplier=Compliance+Statements"; VariantName = "[No Variations]"
Add component (AddParameter): Name = "ComponentLink17URL"; Value = "https://octopart.com:443/opatz8j6/c1?t=jv-vUdsGJJBEopPJu8Rv7CJGYYPm4ynYwFko-9PDUuKW1ZWFNnUcFZG_4PYA1AqSgq5oLGkCLbZijBLczV2vhKs8FxpdSA6yi8_iJkVNmv0cAOxSBDY8zEvNeoaw4vLfaO0_NwQ04_dNY9XSZFkW32uzcaz2AtYqpNDfVBTHnjcS-n-rrgy2CoZpANqHz5uDL3KENRrrO_EhxXwLzKcamYWrMLAptrYxRwnZZg3NPJlN-oGHKrWDdn3lkAx1xudSQo9EpEXfGduufD-pBrk6rwdultf4U9R6QmBRt2IrkpR5Tugq8yg4fTNOOhxJwbv_z1pksXnsOpbVmwgwse9S-thkWfg6h-ZazsDSqrE28ah5&src-supplier=Compliance+Statements"; VariantName = "[No Variations]"
Add component (AddParameter): Name = "Contact Plating"; Value = "Gold"; VariantName = "[No Variations]"
Add component (AddParameter): Name = "Contact Resistance"; Value = "100mO"; VariantName = "[No Variations]"
Add component (AddParameter): Name = "Electrical Life"; Value = "2kcycles"; VariantName = "[No Variations]"
Add component (AddParameter): Name = "Height"; Value = "4.25mm"; VariantName = "[No Variations]"
Add component (AddParameter): Name = "Insulation Resistance"; Value = "100MO"; VariantName = "[No Variations]"
Add component (AddParameter): Name = "Length"; Value = "6.08mm"; VariantName = "[No Variations]"
Add component (AddParameter): Name = "Lifecycle Status"; Value = "Production"; VariantName = "[No Variations]"
Add component (AddParameter): Name = "Manufacturer"; Value = "Same Sky"; VariantName = "[No Variations]"
Add component (AddParameter): Name = "Manufacturer Part Number"; Value = "DS04-254-2-02BK-SMT"; VariantName = "[No Variations]"
Add component (AddParameter): Name = "Max Current Rating"; Value = "25mA"; VariantName = "[No Variations]"
Add component (AddParameter): Name = "Max Operating Temperature"; Value = "85°C"; VariantName = "[No Variations]"
Add component (AddParameter): Name = "Max Voltage Rating (DC)"; Value = "24V"; VariantName = "[No Variations]"
Add component (AddParameter): Name = "Min Operating Temperature"; Value = "-40°C"; VariantName = "[No Variations]"
Add component (AddParameter): Name = "Number of Circuits"; Value = "2"; VariantName = "[No Variations]"
Add component (AddParameter): Name = "Number of Positions"; Value = "2"; VariantName = "[No Variations]"
Add component (AddParameter): Name = "Pitch"; Value = "2.54mm"; VariantName = "[No Variations]"
Add component (AddParameter): Name = "Pricing"; Value = "1=0.59, 10=0.51, 70=0.43729, 140=0.41279, 280=0.38957, 560=0.36782, 1050=0.34957, 2520=0.32658, 5040=0.31042 (USD)"; VariantName = "[No Variations]"
Add component (AddParameter): Name = "REACH SVHC"; Value = "Yes"; VariantName = "[No Variations]"
Add component (AddParameter): Name = "RoHS"; Value = "Compliant"; VariantName = "[No Variations]"
Add component (AddParameter): Name = "Schedule B"; Value = "8536509065, 8536509065|8536509065, 8536509065|8536509065|8536509065, 8536509065|8536509065|8536509065|8536509065"; VariantName = "[No Variations]"
Add component (AddParameter): Name = "Stock"; Value = "3151"; VariantName = "[No Variations]"
Add component (AddParameter): Name = "Supplier"; Value = "DigiKey"; VariantName = "[No Variations]"
Add component (AddParameter): Name = "Supplier Part Number"; Value = "2223-DS04-254-2-02BK-SMT-ND"; VariantName = "[No Variations]"
Add component (AddParameter): Name = "Switching Current"; Value = "25mA"; VariantName = "[No Variations]"
Add component (AddParameter): Name = "Switching Voltage"; Value = "24V"; VariantName = "[No Variations]"
Add component (AddParameter): Name = "Throw Configuration"; Value = "SPST"; VariantName = "[No Variations]"
Add component (AddParameter): Name = "Width"; Value = "6.2mm"; VariantName = "[No Variations]"
Added Pin To Net: NetName=BOOT1 Pin=SW13-1
Added Pin To Net: NetName=BOOT0 Pin=SW13-2
Added Pin To Net: NetName=+3V3 Pin=SW13-3
Added Pin To Net: NetName=+3V3 Pin=SW13-4
Added Member To Class: ClassName=U_STM32 Member=Component SW13 DIP
