Change Component Designator: OldDesignator=J? NewDesignator=J3
Change Component Designator: OldDesignator=S? NewDesignator=S2
Change Component Designator: OldDesignator=U? NewDesignator=U2
Added Component: Designator=S3(Solder_Pad)
Added Component: Designator=S4(Solder_Pad)
Added Component: Designator=S5(Solder_Pad)
Added Component: Designator=S6(Solder_Pad)
Added Component: Designator=S7(Solder_Pad)
Added Component: Designator=S8(Solder_Pad)
Added Component: Designator=S9(Solder_Pad)
Added Component: Designator=S10(Solder_Pad)
Added Component: Designator=S11(Solder_Pad)
Added Component: Designator=S12(Solder_Pad)
Added Component: Designator=S13(Solder_Pad)
Added Pin To Net: NetName=NetC1_2 Pin=S2-1
Added Pin To Net: NetName=NetC2_2 Pin=S3-1
Added Pin To Net: NetName=NetC3_2 Pin=S4-1
Added Pin To Net: NetName=NetC49_2 Pin=S5-1
Added Pin To Net: NetName=NetC50_2 Pin=S6-1
Added Pin To Net: NetName=NetC51_2 Pin=S7-1
Added Pin To Net: NetName=NetC57_2 Pin=S8-1
Added Pin To Net: NetName=NetC58_2 Pin=S9-1
Added Pin To Net: NetName=NetC59_2 Pin=S10-1
Added Pin To Net: NetName=NetC65_2 Pin=S11-1
Added Pin To Net: NetName=NetC66_2 Pin=S12-1
Added Pin To Net: NetName=NetC67_2 Pin=S13-1
Added Member To Class: ClassName=Main Member=Component S3 Solder Pad
Added Member To Class: ClassName=Main Member=Component S4 Solder Pad
Added Member To Class: ClassName=Main Member=Component S5 Solder Pad
Added Member To Class: ClassName=Main Member=Component S6 Solder Pad
Added Member To Class: ClassName=Main Member=Component S7 Solder Pad
Added Member To Class: ClassName=Main Member=Component S8 Solder Pad
Added Member To Class: ClassName=Main Member=Component S9 Solder Pad
Added Member To Class: ClassName=Main Member=Component S10 Solder Pad
Added Member To Class: ClassName=Main Member=Component S11 Solder Pad
Added Member To Class: ClassName=Main Member=Component S12 Solder Pad
Added Member To Class: ClassName=Main Member=Component S13 Solder Pad
