Removed Pin From Net: NetName=+15V Pin=C1-1
Removed Pin From Net: NetName=GND Pin=C1-2
Removed Pin From Net: NetName=-15V Pin=C2-2
Removed Pin From Net: NetName=12V Pin=C3-1
Removed Pin From Net: NetName=GND Pin=C3-2
Removed Pin From Net: NetName=12V Pin=C4-1
Removed Pin From Net: NetName=GND Pin=C4-2
Removed Pin From Net: NetName=5V Pin=C5-1
Removed Pin From Net: NetName=GND Pin=C5-2
Removed Pin From Net: NetName=Q1_1 GND Pin=C6-1
Removed Pin From Net: NetName=-2V5_Q1_1 Pin=C6-2
Removed Pin From Net: NetName=3V3 Pin=C7-1
Removed Pin From Net: NetName=GND Pin=C7-2
Removed Pin From Net: NetName=Q2_1 GND Pin=C8-1
Removed Pin From Net: NetName=-2V5_Q2_1 Pin=C8-2
Removed Pin From Net: NetName=18V_Q1_1 Pin=C9-1
Removed Pin From Net: NetName=Q1_1 GND Pin=C9-2
Removed Pin From Net: NetName=18V_Q1_1 Pin=C10-1
Removed Pin From Net: NetName=Q1_1 GND Pin=C10-2
Removed Pin From Net: NetName=12V Pin=C11-1
Removed Pin From Net: NetName=GND Pin=C11-2
Removed Pin From Net: NetName=5V Pin=C12-1
Removed Pin From Net: NetName=GND Pin=C12-2
Removed Pin From Net: NetName=18V_Q1_1 Pin=C13-1
Removed Pin From Net: NetName=Q1_1 GND Pin=C13-2
Removed Pin From Net: NetName=NetC16_1 Pin=C16-1
Removed Pin From Net: NetName=Q2_1 GND Pin=C16-2
Removed Pin From Net: NetName=NetC17_1 Pin=C17-1
Removed Pin From Net: NetName=GND Pin=C17-2
Removed Pin From Net: NetName=NetC18_1 Pin=C18-1
Removed Pin From Net: NetName=GND Pin=C18-2
Removed Pin From Net: NetName=NetC19_1 Pin=C19-1
Removed Pin From Net: NetName=Q1_1 GND Pin=C19-2
Removed Pin From Net: NetName=NetC20_1 Pin=C20-1
Removed Pin From Net: NetName=Q1_1 GND Pin=C20-2
Removed Pin From Net: NetName=Q1_1 GND Pin=C21-1
Removed Pin From Net: NetName=-2V5_Q1_1 Pin=C21-2
Removed Pin From Net: NetName=5V Pin=C22-1
Removed Pin From Net: NetName=GND Pin=C22-2
Removed Pin From Net: NetName=12V Pin=C25-1
Removed Pin From Net: NetName=GND Pin=C25-2
Removed Pin From Net: NetName=18V_Q1_2 Pin=C26-1
Removed Pin From Net: NetName=Q1_2 GND Pin=C26-2
Removed Pin From Net: NetName=Q2_1 GND Pin=C27-1
Removed Pin From Net: NetName=-2V5_Q2_1 Pin=C27-2
Removed Pin From Net: NetName=VDC+1 Pin=C28-1
Removed Pin From Net: NetName=VDC+1 Pin=C28-2
Removed Pin From Net: NetName=3V3 Pin=C29-1
Removed Pin From Net: NetName=GND Pin=C29-2
Removed Pin From Net: NetName=18V_Q2_1 Pin=C30-1
Removed Pin From Net: NetName=Q2_1 GND Pin=C30-2
Removed Pin From Net: NetName=18V_Q2_1 Pin=C31-1
Removed Pin From Net: NetName=Q2_1 GND Pin=C31-2
Removed Pin From Net: NetName=NetC32_1 Pin=C32-1
Removed Pin From Net: NetName=GND Pin=C32-2
Removed Pin From Net: NetName=3V3 Pin=J?-1
Removed Pin From Net: NetName=GND Pin=J?-3
Removed Pin From Net: NetName=GND Pin=J?-5
Removed Pin From Net: NetName=GND Pin=J?-9
Removed Pin From Net: NetName=Q1_1 GND Pin=R1-1
Removed Pin From Net: NetName=NetC20_1 Pin=R1-2
Removed Pin From Net: NetName=Q2_1 GND Pin=R2-1
Removed Pin From Net: NetName=NetC35_1 Pin=R2-2
Removed Pin From Net: NetName=-15V Pin=R3-1
Removed Pin From Net: NetName=+15V Pin=R3-2
Removed Pin From Net: NetName=NetD1_2 Pin=R4-1
Removed Pin From Net: NetName=NetR4_2 Pin=R4-2
Removed Pin From Net: NetName=NetR6_1 Pin=R6-1
Removed Pin From Net: NetName=NetC20_1 Pin=R6-2
Removed Pin From Net: NetName=NetC18_1 Pin=R7-2
Removed Pin From Net: NetName=NetR8_1 Pin=R8-1
Removed Pin From Net: NetName=NetC20_1 Pin=R8-2
Removed Pin From Net: NetName=RDY_1_1 Pin=R9-1
Removed Pin From Net: NetName=5V Pin=R9-2
Removed Pin From Net: NetName=FLT_1_1 Pin=R16-1
Removed Pin From Net: NetName=5V Pin=R16-2
Removed Pin From Net: NetName=VDC+1 Pin=R17-2
Removed Pin From Net: NetName=NetR20_2 Pin=R20-2
Removed Pin From Net: NetName=NetR20_2 Pin=R21-2
Removed Pin From Net: NetName=NetQ4_3 Pin=R22-1
Removed Pin From Net: NetName=NetD10_1 Pin=R22-2
Removed Pin From Net: NetName=NetC44_1 Pin=R24-2
Removed Pin From Net: NetName=OUT_1_P Pin=R25-1
Removed Pin From Net: NetName=NetC48_1 Pin=R25-2
Removed Pin From Net: NetName=RDY_1_2 Pin=R26-1
Removed Pin From Net: NetName=5V Pin=R26-2
Removed Pin From Net: NetName=-2V5_Q2_1 Pin=R27-1
Removed Pin From Net: NetName=NetC44_2 Pin=R27-2
Removed Pin From Net: NetName=OUT_1_N Pin=R28-1
Removed Pin From Net: NetName=NetC38_1 Pin=R28-2
Removed Pin From Net: NetName=FLT_1_2 Pin=R29-1
Removed Pin From Net: NetName=5V Pin=R29-2
Removed Pin From Net: NetName=VCAP_HB1 Pin=R30-1
Removed Pin From Net: NetName=NetC38_1 Pin=R30-2
Removed Pin From Net: NetName=NetD11_1 Pin=R31-1
Removed Pin From Net: NetName=GND Pin=R31-2
Removed Pin From Net: NetName=NetD12_1 Pin=R32-1
Removed Pin From Net: NetName=GND Pin=R32-2
Removed Pin From Net: NetName=-2V5_Q2_1 Pin=R33-1
Removed Pin From Net: NetName=NetD13_1 Pin=R34-1
Removed Pin From Net: NetName=NetQ6_6 Pin=R34-2
Removed Pin From Net: NetName=PWM_HB1_H Pin=U2-1
Removed Pin From Net: NetName=GND Pin=U2-2
Removed Pin From Net: NetName=PWM_HB1_L Pin=U2-3
Removed Pin From Net: NetName=5V Pin=U2-5
Removed Pin From Net: NetName=NetR5_1 Pin=U2-6
Removed Pin From Net: NetName=-2V5_Q2_1 Pin=U3-1
Removed Pin From Net: NetName=Q2_1 GND Pin=U3-3
Removed Pin From Net: NetName=NetR14_1 Pin=U3-4
Removed Pin From Net: NetName=18V_Q2_1 Pin=U3-5
Removed Pin From Net: NetName=NetR15_1 Pin=U3-6
Removed Pin From Net: NetName=+5V_LDO_1 Pin=U4-1
Removed Pin From Net: NetName=NetC44_1 Pin=U4-2
Removed Pin From Net: NetName=NetC44_2 Pin=U4-3
Removed Pin From Net: NetName=-2V5_Q2_1 Pin=U4-4
Change Footprint: Footprint Not Found AMASS_XT30PW-M
Change Footprint: Footprint Not Found DDC0006A
Change Component Designator: OldDesignator=J? NewDesignator=J2
Add component: Footprint Not Found TP_5261
Add component: Footprint Not Found TP_5261
Add component: Footprint Not Found TP_5261
Add component: Footprint Not Found TP_5261
Add component: Footprint Not Found 0603_Capacitor_IPC_B
Add component: Footprint Not Found 0603_Capacitor_IPC_B
Add component: Footprint Not Found 0603_Capacitor_IPC_B
Add component: Footprint Not Found 0805_CAPACITOR_IPC_B
Add component: Footprint Not Found 0603_Capacitor_IPC_B
Add component: Footprint Not Found 0805_CAPACITOR_IPC_B
Add component: Footprint Not Found 0603_Capacitor_IPC_B
Add component: Footprint Not Found 0805_CAPACITOR_IPC_B
Add component: Footprint Not Found 0603_Capacitor_IPC_B
Add component: Footprint Not Found 0805_CAPACITOR_IPC_B
Add component: Footprint Not Found 0805_CAPACITOR_IPC_B
Add component: Footprint Not Found 0603_Capacitor_IPC_B
Add component: Footprint Not Found 0805_CAPACITOR_IPC_B
Add component: Footprint Not Found 0603_Capacitor_IPC_B
Add component: Footprint Not Found 0603_Capacitor_IPC_B
Add component: Footprint Not Found 0603_Capacitor_IPC_B
Add component: Footprint Not Found 0603_Capacitor_IPC_B
Add component: Footprint Not Found 0603_Capacitor_IPC_B
Add component: Footprint Not Found 0603_Capacitor_IPC_B
Add component: Footprint Not Found 0603_Capacitor_IPC_B
Add component: Footprint Not Found 0603_Capacitor_IPC_B
Add component: Footprint Not Found 0603_Capacitor_IPC_B
Add component: Footprint Not Found 0805_CAPACITOR_IPC_B
Add component: Footprint Not Found 0603_Capacitor_IPC_B
Add component: Footprint Not Found 0805_CAPACITOR_IPC_B
Add component: Footprint Not Found 0603_Capacitor_IPC_B
Add component: Footprint Not Found 0603_Capacitor_IPC_B
Add component: Footprint Not Found C4ASPBW4100A3FJ
Add component: Footprint Not Found 0603_Capacitor_IPC_B
Add component: Footprint Not Found 0805_CAPACITOR_IPC_B
Add component: Footprint Not Found 0603_Capacitor_IPC_B
Add component: Footprint Not Found 0603_Capacitor_IPC_B
Add component: Footprint Not Found 0603_Capacitor_IPC_B
Add component: Footprint Not Found 0805_CAPACITOR_IPC_B
Add component: Footprint Not Found 0603_Capacitor_IPC_B
Add component: Footprint Not Found 0603_Capacitor_IPC_B
Add component: Footprint Not Found 0603_Capacitor_IPC_B
Add component: Footprint Not Found 0603_Capacitor_IPC_B
Add component: Footprint Not Found 0603_Capacitor_IPC_B
Add component: Footprint Not Found 0603_Capacitor_IPC_B
Add component: Footprint Not Found 0603_Capacitor_IPC_B
Add component: Footprint Not Found 0603_Capacitor_IPC_B
Add component: Footprint Not Found 0603_Capacitor_IPC_B
Add component: Footprint Not Found 0603_Capacitor_IPC_B
Add component: Footprint Not Found 0805_CAPACITOR_IPC_B
Add component: Footprint Not Found 0603_Capacitor_IPC_B
Add component: Footprint Not Found 0603_Capacitor_IPC_B
Add component: Footprint Not Found 0603_Capacitor_IPC_B
Add component: Footprint Not Found 0603_Capacitor_IPC_B
Add component: Footprint Not Found 0603_Capacitor_IPC_B
Add component: Footprint Not Found 0603_Capacitor_IPC_B
Add component: Footprint Not Found 0603_Capacitor_IPC_B
Add component: Footprint Not Found 0805_CAPACITOR_IPC_B
Add component: Footprint Not Found 0603_Capacitor_IPC_B
Add component: Footprint Not Found 0603_Capacitor_IPC_B
Add component: Footprint Not Found 0603_Capacitor_IPC_B
Add component: Footprint Not Found 0603_Capacitor_IPC_B
Add component: Footprint Not Found 0603_Capacitor_IPC_B
Add component: Footprint Not Found 0603_Capacitor_IPC_B
Add component: Footprint Not Found 0805_CAPACITOR_IPC_B
Add component: Footprint Not Found 0603_Capacitor_IPC_B
Add component: Footprint Not Found 0805_CAPACITOR_IPC_B
Add component: Footprint Not Found 0805_CAPACITOR_IPC_B
Add component: Footprint Not Found 0603_Capacitor_IPC_B
Add component: Footprint Not Found 0603_Capacitor_IPC_B
Add component: Footprint Not Found 0603_Capacitor_IPC_B
Add component: Footprint Not Found 0805_CAPACITOR_IPC_B
Add component: Footprint Not Found 0603_Capacitor_IPC_B
Add component: Footprint Not Found 0603_Capacitor_IPC_B
Add component: Footprint Not Found 0603_Capacitor_IPC_B
Add component: Footprint Not Found 0603_Capacitor_IPC_B
Add component: Footprint Not Found 0603_Capacitor_IPC_B
Add component: Footprint Not Found 0603_Capacitor_IPC_B
Add component: Footprint Not Found 0603_Capacitor_IPC_B
Add component: Footprint Not Found 0603_Capacitor_IPC_B
Add component: Footprint Not Found 0603_Capacitor_IPC_B
Add component: Footprint Not Found 0603_Capacitor_IPC_B
Add component: Footprint Not Found 0603_Capacitor_IPC_B
Add component: Footprint Not Found 0603_Capacitor_IPC_B
Add component: Footprint Not Found 0603_Capacitor_IPC_B
Add component: Footprint Not Found 0603_Capacitor_IPC_B
Add component: Footprint Not Found 0603_Capacitor_IPC_B
Add component: Footprint Not Found 0603_Capacitor_IPC_B
Add component: Footprint Not Found 0603_Capacitor_IPC_B
Add component: Footprint Not Found 0603_Capacitor_IPC_B
Add component: Footprint Not Found 0603_Capacitor_IPC_B
Add component: Footprint Not Found 0603_Capacitor_IPC_B
Add component: Footprint Not Found 0603_Capacitor_IPC_B
Add component: Footprint Not Found 0603_Capacitor_IPC_B
Add component: Footprint Not Found 0603_Capacitor_IPC_B
Add component: Footprint Not Found C4ASPBW4100A3FJ
Add component: Footprint Not Found 0603_Capacitor_IPC_B
Add component: Footprint Not Found 0603_Capacitor_IPC_B
Add component: Footprint Not Found 0603_Capacitor_IPC_B
Add component: Footprint Not Found 0603_Capacitor_IPC_B
Add component: Footprint Not Found C4ASPBW4100A3FJ
Add component: Footprint Not Found C4ASPBW4100A3FJ
Add component: Footprint Not Found 0603_Capacitor_IPC_B
Add component: Footprint Not Found 0805_CAPACITOR_IPC_B
Add component: Footprint Not Found 0603_Capacitor_IPC_B
Add component: Footprint Not Found 0805_CAPACITOR_IPC_B
Add component: Footprint Not Found 0805_CAPACITOR_IPC_B
Add component: Footprint Not Found 0805_CAPACITOR_IPC_B
Add component: Footprint Not Found 0805_CAPACITOR_IPC_B
Add component: Footprint Not Found 0805_CAPACITOR_IPC_B
Add component: Footprint Not Found 0805_CAPACITOR_IPC_B
Add component: Footprint Not Found 0805_CAPACITOR_IPC_B
Add component: Footprint Not Found 0805_CAPACITOR_IPC_B
Add component: Footprint Not Found LED_0805
Add component: Footprint Not Found LED_0805
Add component: Footprint Not Found LED_0805
Add component: Footprint Not Found LED_0805
Add component: Footprint Not Found LED_0805
Add component: Footprint Not Found LED_0805
Add component: Footprint Not Found LED_0805
Add component: Footprint Not Found LED_0805
Add component: Footprint Not Found LED_0805
Add component: Footprint Not Found LED_0805
Add component: Footprint Not Found LED_0805
Add component: Footprint Not Found LED_0805
Add component: Footprint Not Found LED_0805
Add component: Footprint Not Found LED_0805
Add component: Footprint Not Found LED_0805
Add component: Footprint Not Found LED_0805
Added Component: Designator=J2(FP-39-30-1039-MFG)
Add component (AddParameter): Name = "Color"; Value = "Natural"; VariantName = "[No Variations]"
Add component (AddParameter): Name = "Connector Type"; Value = "Male Pin"; VariantName = "[No Variations]"
Add component (AddParameter): Name = "Contact Gender"; Value = "Male"; VariantName = "[No Variations]"
Add component (AddParameter): Name = "Contact Material"; Value = "Brass"; VariantName = "[No Variations]"
Add component (AddParameter): Name = "Contact Plating"; Value = "Tin"; VariantName = "[No Variations]"
Add component (AddParameter): Name = "Contact Resistance"; Value = "10mR"; VariantName = "[No Variations]"
Add component (AddParameter): Name = "Contact Type"; Value = "Male Pin"; VariantName = "[No Variations]"
Add component (AddParameter): Name = "Current Rating"; Value = "9A"; VariantName = "[No Variations]"
Add component (AddParameter): Name = "Depth"; Value = "13.38mm"; VariantName = "[No Variations]"
Add component (AddParameter): Name = "Fastening Type"; Value = "Ramp"; VariantName = "[No Variations]"
Add component (AddParameter): Name = "Gender"; Value = "Male"; VariantName = "[No Variations]"
Add component (AddParameter): Name = "Height"; Value = "14.76mm"; VariantName = "[No Variations]"
Add component (AddParameter): Name = "Housing Color"; Value = "Natural"; VariantName = "[No Variations]"
Add component (AddParameter): Name = "Housing Material"; Value = "Nylon"; VariantName = "[No Variations]"
Add component (AddParameter): Name = "Lead Pitch"; Value = "4.2mm"; VariantName = "[No Variations]"
Add component (AddParameter): Name = "Length"; Value = "13.8mm"; VariantName = "[No Variations]"
Add component (AddParameter): Name = "Max Current Rating"; Value = "18A"; VariantName = "[No Variations]"
Add component (AddParameter): Name = "Max Operating Temperature"; Value = "105°C"; VariantName = "[No Variations]"
Add component (AddParameter): Name = "Max Voltage Rating (AC)"; Value = "600V"; VariantName = "[No Variations]"
Add component (AddParameter): Name = "Max Voltage Rating (DC)"; Value = "600V"; VariantName = "[No Variations]"
Add component (AddParameter): Name = "Min Operating Temperature"; Value = "-40°C"; VariantName = "[No Variations]"
Add component (AddParameter): Name = "Mount"; Value = "Through Hole"; VariantName = "[No Variations]"
Add component (AddParameter): Name = "Number of Circuits"; Value = "3"; VariantName = "[No Variations]"
Add component (AddParameter): Name = "Number of Contacts"; Value = "3"; VariantName = "[No Variations]"
Add component (AddParameter): Name = "Number of Ports"; Value = "1"; VariantName = "[No Variations]"
Add component (AddParameter): Name = "Number of Positions"; Value = "3"; VariantName = "[No Variations]"
Add component (AddParameter): Name = "Number of Rows"; Value = "1"; VariantName = "[No Variations]"
Add component (AddParameter): Name = "Number of Terminals/Pins"; Value = "3"; VariantName = "[No Variations]"
Add component (AddParameter): Name = "Orientation"; Value = "Straight"; VariantName = "[No Variations]"
Add component (AddParameter): Name = "Packaging"; Value = "Tray"; VariantName = "[No Variations]"
Add component (AddParameter): Name = "Pitch"; Value = "4.2mm"; VariantName = "[No Variations]"
Add component (AddParameter): Name = "RoHS Compliant"; Value = "Yes"; VariantName = "[No Variations]"
Add component (AddParameter): Name = "Series"; Value = "5566"; VariantName = "[No Variations]"
Add component (AddParameter): Name = "Termination"; Value = "Solder"; VariantName = "[No Variations]"
Add component (AddParameter): Name = "Voltage Rating"; Value = "600V"; VariantName = "[No Variations]"
Added Component: Designator=J3(CONN-50mil-10POS-SMD)
Add component (AddParameter): Name = "Design Item ID"; Value = "conn_0.050"_cortexM"; VariantName = "[No Variations]"
Add component (AddParameter): Name = "Source"; Value = "CONN-50mil-cortexM.SchLib"; VariantName = "[No Variations]"
Add component: Footprint Not Found LED_0805
Add component: Footprint Not Found 74622105_chemical surface
Add component: Footprint Not Found 74622105_chemical surface
Add component: Footprint Not Found OP07DRZ
Add component: Footprint Not Found OP07DRZ
Add component: Footprint Not Found 7-SIP Module, 5 Leads
Add component: Footprint Not Found MGJ2 SIP
Add component: Footprint Not Found MGJ2 SIP
Add component: Footprint Not Found MGJ2 SIP
Add component: Footprint Not Found MGJ2 SIP
Add component: Footprint Not Found 0603_Resistor_IPC_B
Add component: Footprint Not Found 0603_Resistor_IPC_B
Add component: Footprint Not Found 1210_Resistor
Add component: Footprint Not Found 0603_Resistor_IPC_B
Add component: Footprint Not Found 0603_Resistor_IPC_B
Add component: Footprint Not Found 1206_RESISTOR_IPC_MEDIUM
Add component: Footprint Not Found 0603_Resistor_IPC_B
Add component: Footprint Not Found 1206_RESISTOR_IPC_MEDIUM
Add component: Footprint Not Found 0603_Resistor_IPC_B
Add component: Footprint Not Found 0805_Resistor_IPC_Medium
Add component: Footprint Not Found 0603_Resistor_IPC_B
Add component: Footprint Not Found 0603_Resistor_IPC_B
Add component: Footprint Not Found 0603_Resistor_IPC_B
Add component: Footprint Not Found 1206_RESISTOR_IPC_MEDIUM
Add component: Footprint Not Found 1206_RESISTOR_IPC_MEDIUM
Add component: Footprint Not Found 0603_Resistor_IPC_B
Add component: Footprint Not Found 0805_Resistor_IPC_Medium
Add component: Footprint Not Found 0805_Resistor_IPC_Medium
Add component: Footprint Not Found 0805_Resistor_IPC_Medium
Add component: Footprint Not Found 0805_Resistor_IPC_Medium
Add component: Footprint Not Found 0805_Resistor_IPC_Medium
Add component: Footprint Not Found 0805_Resistor_IPC_Medium
Add component: Footprint Not Found 0805_Resistor_IPC_Medium
Add component: Footprint Not Found 0603_Resistor_IPC_B
Add component: Footprint Not Found 0603_Resistor_IPC_B
Add component: Footprint Not Found 0603_Resistor_IPC_B
Add component: Footprint Not Found 0603_Resistor_IPC_B
Add component: Footprint Not Found 0603_Resistor_IPC_B
Add component: Footprint Not Found 0603_Resistor_IPC_B
Add component: Footprint Not Found 0805_Resistor_IPC_Medium
Add component: Footprint Not Found 0805_Resistor_IPC_Medium
Add component: Footprint Not Found 0805_Resistor_IPC_Medium
Add component: Footprint Not Found 0805_Resistor_IPC_Medium
Add component: Footprint Not Found 0805_Resistor_IPC_Medium
Add component: Footprint Not Found 0805_Resistor_IPC_Medium
Add component: Footprint Not Found 0805_Resistor_IPC_Medium
Add component: Footprint Not Found 0805_Resistor_IPC_Medium
Add component: Footprint Not Found 0805_Resistor_IPC_Medium
Add component: Footprint Not Found 0603_Resistor_IPC_B
Add component: Footprint Not Found 0603_Resistor_IPC_B
Add component: Footprint Not Found 1206_RESISTOR_IPC_MEDIUM
Add component: Footprint Not Found 0603_Resistor_IPC_B
Add component: Footprint Not Found 1206_RESISTOR_IPC_MEDIUM
Add component: Footprint Not Found 0603_Resistor_IPC_B
Add component: Footprint Not Found 0603_Resistor_IPC_B
Add component: Footprint Not Found 0603_Resistor_IPC_B
Add component: Footprint Not Found 0603_Resistor_IPC_B
Add component: Footprint Not Found 1206_RESISTOR_IPC_MEDIUM
Add component: Footprint Not Found 1206_RESISTOR_IPC_MEDIUM
Add component: Footprint Not Found 0603_Resistor_IPC_B
Add component: Footprint Not Found 0603_Resistor_IPC_B
Add component: Footprint Not Found 0805_Resistor_IPC_Medium
Add component: Footprint Not Found 0603_Resistor_IPC_B
Add component: Footprint Not Found 0805_Resistor_IPC_Medium
Add component: Footprint Not Found 0805_Resistor_IPC_Medium
Add component: Footprint Not Found 0805_Resistor_IPC_Medium
Add component: Footprint Not Found 0805_Resistor_IPC_Medium
Add component: Footprint Not Found 0805_Resistor_IPC_Medium
Add component: Footprint Not Found 0805_Resistor_IPC_Medium
Add component: Footprint Not Found 0603_Resistor_IPC_B
Add component: Footprint Not Found 0805_Resistor_IPC_Medium
Add component: Footprint Not Found 0603_Resistor_IPC_B
Add component: Footprint Not Found 0805_Resistor_IPC_Medium
Add component: Footprint Not Found 0805_Resistor_IPC_Medium
Add component: Footprint Not Found 0805_Resistor_IPC_Medium
Add component: Footprint Not Found 0603_Resistor_IPC_B
Add component: Footprint Not Found 0603_Resistor_IPC_B
Add component: Footprint Not Found 0805_Resistor_IPC_Medium
Add component: Footprint Not Found 0603_Resistor_IPC_B
Add component: Footprint Not Found 0603_Resistor_IPC_B
Add component: Footprint Not Found 0805_Resistor_IPC_Medium
Add component: Footprint Not Found 0805_Resistor_IPC_Medium
Add component: Footprint Not Found 0805_Resistor_IPC_Medium
Add component: Footprint Not Found 0805_Resistor_IPC_Medium
Add component: Footprint Not Found 0805_Resistor_IPC_Medium
Add component: Footprint Not Found 0805_Resistor_IPC_Medium
Add component: Footprint Not Found 0805_Resistor_IPC_Medium
Add component: Footprint Not Found 0805_Resistor_IPC_Medium
Add component: Footprint Not Found 0805_Resistor_IPC_Medium
Add component: Footprint Not Found 0805_Resistor_IPC_Medium
Add component: Footprint Not Found TP_5261
Add component: Footprint Not Found TP_5261
Add component: Footprint Not Found TP_5261
Add component: Footprint Not Found TP_5261
Add component: Footprint Not Found TP_5261
Add component: Footprint Not Found PG-DSO-16-40
Add component: Footprint Not Found SOT-23-6-IPC-Nominal
Add component: Footprint Not Found TP_5261
Add component: Footprint Not Found TP_5261
Add component: Footprint Not Found TP_5261
Add component: Footprint Not Found TP_5261
Add component: Footprint Not Found TP_5261
Add component: Footprint Not Found PG-DSO-16-40
Add component: Footprint Not Found TP_5261
Add component: Footprint Not Found TP_5261
Add component: Footprint Not Found TP_5261
Add component: Footprint Not Found TP_5261
Add component: Footprint Not Found Isolation Amplifier 1 Circuit 8-SOIC
Add component: Footprint Not Found TP_5261
Add component: Footprint Not Found TP_5261
Add component: Footprint Not Found TP_5261
Add component: Footprint Not Found TP_5261
Add component: Footprint Not Found TP_5261
Add component: Footprint Not Found PG-DSO-16-40
Add component: Footprint Not Found SOT-323-5
Add component: Footprint Not Found SOT-23-6-IPC-Nominal
Add component: Footprint Not Found TP_5261
Add component: Footprint Not Found TP_5261
Add component: Footprint Not Found TP_5261
Add component: Footprint Not Found TP_5261
Add component: Footprint Not Found TP_5261
Add component: Footprint Not Found TP_5261
Add component: Footprint Not Found PG-DSO-16-40
Add component: Footprint Not Found TP_5261
Add component: Footprint Not Found TP_5261
Add component: Footprint Not Found TP_5261
Add component: Footprint Not Found TP_5261
Add component: Footprint Not Found Isolation Amplifier 1 Circuit 8-SOIC
Add component: Footprint Not Found SOT-323-5
Add component: Footprint Not Found TP_5261
Add component: Footprint Not Found TP_5261
Add component: Footprint Not Found TO-236AB_IPC_B
Add component: Footprint Not Found TO-236AB_IPC_B
Add component: Footprint Not Found TO-236AB_IPC_B
Add component: Footprint Not Found TO-236AB_IPC_B
Add Pin To Net: Unknown Pin: Pin -15V-1
Add Pin To Net: Unknown Pin: Pin 5V ref 2V5-1
Add Pin To Net: Unknown Pin: Pin 5V ref -2V5-1
Add Pin To Net: Unknown Pin: Pin 15V-1
Added Pin To Net: NetName=+15V Pin=C1-1
Added Pin To Net: NetName=GND Pin=C1-1
Added Pin To Net: NetName=GND Pin=C1-2
Added Pin To Net: NetName=NetC1_2 Pin=C1-2
Added Pin To Net: NetName=-15V Pin=C2-2
Added Pin To Net: NetName=NetC1_2 Pin=C2-2
Added Pin To Net: NetName=12V Pin=C3-1
Added Pin To Net: NetName=GND Pin=C3-1
Added Pin To Net: NetName=+3V3 Pin=C3-2
Added Pin To Net: NetName=GND Pin=C3-2
Added Pin To Net: NetName=12V Pin=C4-1
Added Pin To Net: NetName=GND Pin=C4-1
Added Pin To Net: NetName=+3V3 Pin=C4-2
Added Pin To Net: NetName=GND Pin=C4-2
Added Pin To Net: NetName=5V Pin=C5-1
Added Pin To Net: NetName=GND Pin=C5-1
Added Pin To Net: NetName=+3V3 Pin=C5-2
Added Pin To Net: NetName=GND Pin=C5-2
Added Pin To Net: NetName=GND Pin=C6-1
Added Pin To Net: NetName=Q1_1 GND Pin=C6-1
Added Pin To Net: NetName=+3V3 Pin=C6-2
Added Pin To Net: NetName=-2V5_Q1_1 Pin=C6-2
Added Pin To Net: NetName=3V3 Pin=C7-1
Added Pin To Net: NetName=GND Pin=C7-1
Added Pin To Net: NetName=+3V3 Pin=C7-2
Added Pin To Net: NetName=GND Pin=C7-2
Added Pin To Net: NetName=GND Pin=C8-1
Added Pin To Net: NetName=Q2_1 GND Pin=C8-1
Added Pin To Net: NetName=+3V3 Pin=C8-2
Added Pin To Net: NetName=-2V5_Q2_1 Pin=C8-2
Added Pin To Net: NetName=18V_Q1_1 Pin=C9-1
Added Pin To Net: NetName=GND Pin=C9-1
Added Pin To Net: NetName=NRST Pin=C9-2
Added Pin To Net: NetName=Q1_1 GND Pin=C9-2
Added Pin To Net: NetName=18V_Q1_1 Pin=C10-1
Added Pin To Net: NetName=GND Pin=C10-1
Added Pin To Net: NetName=+3V3 Pin=C10-2
Added Pin To Net: NetName=Q1_1 GND Pin=C10-2
Added Pin To Net: NetName=12V Pin=C11-1
Added Pin To Net: NetName=GND Pin=C11-1
Added Pin To Net: NetName=+3V3 Pin=C11-2
Added Pin To Net: NetName=GND Pin=C11-2
Added Pin To Net: NetName=5V Pin=C12-1
Added Pin To Net: NetName=GND Pin=C12-1
Added Pin To Net: NetName=GND Pin=C12-2
Added Pin To Net: NetName=OSC_IN Pin=C12-2
Added Pin To Net: NetName=18V_Q1_1 Pin=C13-1
Added Pin To Net: NetName=GND Pin=C13-1
Added Pin To Net: NetName=OSC_OUT Pin=C13-2
Added Pin To Net: NetName=Q1_1 GND Pin=C13-2
Add Pin To Net: Unknown Pin: Pin C14-1
Add Pin To Net: Unknown Pin: Pin C14-2
Add Pin To Net: Unknown Pin: Pin C15-1
Add Pin To Net: Unknown Pin: Pin C15-2
Added Pin To Net: NetName=NetC16_1 Pin=C16-1
Added Pin To Net: NetName=NetC16_2 Pin=C16-2
Added Pin To Net: NetName=Q2_1 GND Pin=C16-2
Added Pin To Net: NetName=GND Pin=C17-1
Added Pin To Net: NetName=NetC17_1 Pin=C17-1
Added Pin To Net: NetName=+7V4 Pin=C17-2
Added Pin To Net: NetName=GND Pin=C17-2
Added Pin To Net: NetName=GND Pin=C18-1
Added Pin To Net: NetName=NetC18_1 Pin=C18-1
Added Pin To Net: NetName=+7V4 Pin=C18-2
Added Pin To Net: NetName=GND Pin=C18-2
Added Pin To Net: NetName=GND Pin=C19-1
Added Pin To Net: NetName=NetC19_1 Pin=C19-1
Added Pin To Net: NetName=+7V4 Pin=C19-2
Added Pin To Net: NetName=Q1_1 GND Pin=C19-2
Added Pin To Net: NetName=GND Pin=C20-1
Added Pin To Net: NetName=NetC20_1 Pin=C20-1
Added Pin To Net: NetName=+3V3 Pin=C20-2
Added Pin To Net: NetName=Q1_1 GND Pin=C20-2
Added Pin To Net: NetName=GND Pin=C21-1
Added Pin To Net: NetName=Q1_1 GND Pin=C21-1
Added Pin To Net: NetName=+3V3 Pin=C21-2
Added Pin To Net: NetName=-2V5_Q1_1 Pin=C21-2
Added Pin To Net: NetName=5V Pin=C22-1
Added Pin To Net: NetName=GND Pin=C22-1
Added Pin To Net: NetName=+3V3 Pin=C22-2
Added Pin To Net: NetName=GND Pin=C22-2
Add Pin To Net: Unknown Pin: Pin C23-1
Add Pin To Net: Unknown Pin: Pin C23-2
Add Pin To Net: Unknown Pin: Pin C24-1
Add Pin To Net: Unknown Pin: Pin C24-2
Added Pin To Net: NetName=12V Pin=C25-1
Added Pin To Net: NetName=NetC25_1 Pin=C25-1
Added Pin To Net: NetName=GND Pin=C25-2
Added Pin To Net: NetName=Net*_1 Pin=C25-2
Added Pin To Net: NetName=18V_Q1_2 Pin=C26-1
Added Pin To Net: NetName=NetC26_1 Pin=C26-1
Added Pin To Net: NetName=Net*_6 Pin=C26-2
Added Pin To Net: NetName=Q1_2 GND Pin=C26-2
Added Pin To Net: NetName=NetC27_1 Pin=C27-1
Added Pin To Net: NetName=Q2_1 GND Pin=C27-1
Added Pin To Net: NetName=-2V5_Q2_1 Pin=C27-2
Added Pin To Net: NetName=Net*_8 Pin=C27-2
Added Pin To Net: NetName=GND Pin=C28-1
Added Pin To Net: NetName=VDC+1 Pin=C28-1
Added Pin To Net: NetName=NetC28_2 Pin=C28-2
Added Pin To Net: NetName=VDC+1 Pin=C28-2
Add Pin To Net: Unknown Pin: Pin C28-3
Add Pin To Net: Unknown Pin: Pin C28-4
Added Pin To Net: NetName=3V3 Pin=C29-1
Added Pin To Net: NetName=GND Pin=C29-1
Added Pin To Net: NetName=GND Pin=C29-2
Added Pin To Net: NetName=Net*_10 Pin=C29-2
Added Pin To Net: NetName=18V_Q2_1 Pin=C30-1
Added Pin To Net: NetName=GND Pin=C30-1
Added Pin To Net: NetName=Net*_5 Pin=C30-2
Added Pin To Net: NetName=Q2_1 GND Pin=C30-2
Added Pin To Net: NetName=18V_Q2_1 Pin=C31-1
Added Pin To Net: NetName=GND Pin=C31-1
Added Pin To Net: NetName=+3V3 Pin=C31-2
Added Pin To Net: NetName=Q2_1 GND Pin=C31-2
Added Pin To Net: NetName=GND Pin=C32-1
Added Pin To Net: NetName=NetC32_1 Pin=C32-1
Added Pin To Net: NetName=GND Pin=C32-2
Added Pin To Net: NetName=Net*_3 Pin=C32-2
Add Pin To Net: Unknown Pin: Pin C33-1
Add Pin To Net: Unknown Pin: Pin C33-2
Add Pin To Net: Unknown Pin: Pin C34-1
Add Pin To Net: Unknown Pin: Pin C34-2
Add Pin To Net: Unknown Pin: Pin C35-1
Add Pin To Net: Unknown Pin: Pin C35-2
Add Pin To Net: Unknown Pin: Pin C36-1
Add Pin To Net: Unknown Pin: Pin C36-2
Add Pin To Net: Unknown Pin: Pin C37-1
Add Pin To Net: Unknown Pin: Pin C37-2
Add Pin To Net: Unknown Pin: Pin C38-1
Add Pin To Net: Unknown Pin: Pin C38-2
Add Pin To Net: Unknown Pin: Pin C39-1
Add Pin To Net: Unknown Pin: Pin C39-2
Add Pin To Net: Unknown Pin: Pin C40-1
Add Pin To Net: Unknown Pin: Pin C40-2
Add Pin To Net: Unknown Pin: Pin C41-1
Add Pin To Net: Unknown Pin: Pin C41-2
Add Pin To Net: Unknown Pin: Pin C42-1
Add Pin To Net: Unknown Pin: Pin C42-2
Add Pin To Net: Unknown Pin: Pin C43-1
Add Pin To Net: Unknown Pin: Pin C43-2
Add Pin To Net: Unknown Pin: Pin C44-1
Add Pin To Net: Unknown Pin: Pin C44-2
Add Pin To Net: Unknown Pin: Pin C45-1
Add Pin To Net: Unknown Pin: Pin C45-2
Add Pin To Net: Unknown Pin: Pin C46-1
Add Pin To Net: Unknown Pin: Pin C46-2
Add Pin To Net: Unknown Pin: Pin C47-1
Add Pin To Net: Unknown Pin: Pin C47-2
Add Pin To Net: Unknown Pin: Pin C48-1
Add Pin To Net: Unknown Pin: Pin C48-2
Add Pin To Net: Unknown Pin: Pin C49-1
Add Pin To Net: Unknown Pin: Pin C49-2
Add Pin To Net: Unknown Pin: Pin C50-1
Add Pin To Net: Unknown Pin: Pin C50-2
Add Pin To Net: Unknown Pin: Pin C51-1
Add Pin To Net: Unknown Pin: Pin C51-2
Add Pin To Net: Unknown Pin: Pin C52-1
Add Pin To Net: Unknown Pin: Pin C52-2
Add Pin To Net: Unknown Pin: Pin C53-1
Add Pin To Net: Unknown Pin: Pin C53-2
Add Pin To Net: Unknown Pin: Pin C54-1
Add Pin To Net: Unknown Pin: Pin C54-2
Add Pin To Net: Unknown Pin: Pin C55-1
Add Pin To Net: Unknown Pin: Pin C55-2
Add Pin To Net: Unknown Pin: Pin C56-1
Add Pin To Net: Unknown Pin: Pin C56-2
Add Pin To Net: Unknown Pin: Pin C57-1
Add Pin To Net: Unknown Pin: Pin C57-2
Add Pin To Net: Unknown Pin: Pin C58-1
Add Pin To Net: Unknown Pin: Pin C58-2
Add Pin To Net: Unknown Pin: Pin C59-1
Add Pin To Net: Unknown Pin: Pin C59-2
Add Pin To Net: Unknown Pin: Pin C61-1
Add Pin To Net: Unknown Pin: Pin C61-2
Add Pin To Net: Unknown Pin: Pin C62-1
Add Pin To Net: Unknown Pin: Pin C62-2
Add Pin To Net: Unknown Pin: Pin C63-1
Add Pin To Net: Unknown Pin: Pin C63-2
Add Pin To Net: Unknown Pin: Pin C64-1
Add Pin To Net: Unknown Pin: Pin C64-2
Add Pin To Net: Unknown Pin: Pin C65-1
Add Pin To Net: Unknown Pin: Pin C65-2
Add Pin To Net: Unknown Pin: Pin C66-1
Add Pin To Net: Unknown Pin: Pin C67-1
Add Pin To Net: Unknown Pin: Pin C67-2
Add Pin To Net: Unknown Pin: Pin C68-1
Add Pin To Net: Unknown Pin: Pin C68-2
Add Pin To Net: Unknown Pin: Pin C69-1
Add Pin To Net: Unknown Pin: Pin C69-2
Add Pin To Net: Unknown Pin: Pin C70-1
Add Pin To Net: Unknown Pin: Pin C70-2
Add Pin To Net: Unknown Pin: Pin C71-1
Add Pin To Net: Unknown Pin: Pin C71-2
Add Pin To Net: Unknown Pin: Pin C72-1
Add Pin To Net: Unknown Pin: Pin C72-2
Add Pin To Net: Unknown Pin: Pin C73-1
Add Pin To Net: Unknown Pin: Pin C73-2
Add Pin To Net: Unknown Pin: Pin C74-1
Add Pin To Net: Unknown Pin: Pin C74-2
Add Pin To Net: Unknown Pin: Pin C75-1
Add Pin To Net: Unknown Pin: Pin C75-2
Add Pin To Net: Unknown Pin: Pin C76-1
Add Pin To Net: Unknown Pin: Pin C76-2
Add Pin To Net: Unknown Pin: Pin C77-1
Add Pin To Net: Unknown Pin: Pin C77-2
Add Pin To Net: Unknown Pin: Pin C78-1
Add Pin To Net: Unknown Pin: Pin C78-2
Add Pin To Net: Unknown Pin: Pin C79-1
Add Pin To Net: Unknown Pin: Pin C79-2
Add Pin To Net: Unknown Pin: Pin C80-1
Add Pin To Net: Unknown Pin: Pin C80-2
Add Pin To Net: Unknown Pin: Pin C81-1
Add Pin To Net: Unknown Pin: Pin C81-2
Add Pin To Net: Unknown Pin: Pin C82-1
Add Pin To Net: Unknown Pin: Pin C82-2
Add Pin To Net: Unknown Pin: Pin C83-1
Add Pin To Net: Unknown Pin: Pin C83-2
Add Pin To Net: Unknown Pin: Pin C84-1
Add Pin To Net: Unknown Pin: Pin C84-2
Add Pin To Net: Unknown Pin: Pin C85-1
Add Pin To Net: Unknown Pin: Pin C85-2
Add Pin To Net: Unknown Pin: Pin C86-1
Add Pin To Net: Unknown Pin: Pin C86-2
Add Pin To Net: Unknown Pin: Pin C87-1
Add Pin To Net: Unknown Pin: Pin C87-2
Add Pin To Net: Unknown Pin: Pin C88-1
Add Pin To Net: Unknown Pin: Pin C88-2
Add Pin To Net: Unknown Pin: Pin C90-1
Add Pin To Net: Unknown Pin: Pin C90-2
Add Pin To Net: Unknown Pin: Pin C91-1
Add Pin To Net: Unknown Pin: Pin C91-2
Add Pin To Net: Unknown Pin: Pin C92-1
Add Pin To Net: Unknown Pin: Pin C92-2
Add Pin To Net: Unknown Pin: Pin C95-1
Add Pin To Net: Unknown Pin: Pin C95-2
Add Pin To Net: Unknown Pin: Pin C95-3
Add Pin To Net: Unknown Pin: Pin C95-4
Add Pin To Net: Unknown Pin: Pin C96-1
Add Pin To Net: Unknown Pin: Pin C96-2
Add Pin To Net: Unknown Pin: Pin C97-1
Add Pin To Net: Unknown Pin: Pin C97-2
Add Pin To Net: Unknown Pin: Pin C98-1
Add Pin To Net: Unknown Pin: Pin C98-2
Add Pin To Net: Unknown Pin: Pin C99-1
Add Pin To Net: Unknown Pin: Pin C99-2
Add Pin To Net: Unknown Pin: Pin C102-1
Add Pin To Net: Unknown Pin: Pin C102-2
Add Pin To Net: Unknown Pin: Pin C102-3
Add Pin To Net: Unknown Pin: Pin C102-4
Add Pin To Net: Unknown Pin: Pin C103-1
Add Pin To Net: Unknown Pin: Pin C103-2
Add Pin To Net: Unknown Pin: Pin C103-3
Add Pin To Net: Unknown Pin: Pin C103-4
Add Pin To Net: Unknown Pin: Pin C104-1
Add Pin To Net: Unknown Pin: Pin C104-2
Add Pin To Net: Unknown Pin: Pin C105-1
Add Pin To Net: Unknown Pin: Pin C105-2
Add Pin To Net: Unknown Pin: Pin C106-1
Add Pin To Net: Unknown Pin: Pin C106-2
Add Pin To Net: Unknown Pin: Pin C107-1
Add Pin To Net: Unknown Pin: Pin C107-2
Add Pin To Net: Unknown Pin: Pin C108-1
Add Pin To Net: Unknown Pin: Pin C108-2
Add Pin To Net: Unknown Pin: Pin C109-1
Add Pin To Net: Unknown Pin: Pin C109-2
Add Pin To Net: Unknown Pin: Pin C110-1
Add Pin To Net: Unknown Pin: Pin C110-2
Add Pin To Net: Unknown Pin: Pin C111-1
Add Pin To Net: Unknown Pin: Pin C111-2
Add Pin To Net: Unknown Pin: Pin C112-1
Add Pin To Net: Unknown Pin: Pin C112-2
Add Pin To Net: Unknown Pin: Pin C113-1
Add Pin To Net: Unknown Pin: Pin C113-2
Add Pin To Net: Unknown Pin: Pin C114-1
Add Pin To Net: Unknown Pin: Pin C114-2
Add Pin To Net: Unknown Pin: Pin D9-1
Add Pin To Net: Unknown Pin: Pin D9-2
Add Pin To Net: Unknown Pin: Pin D10-1
Add Pin To Net: Unknown Pin: Pin D10-2
Add Pin To Net: Unknown Pin: Pin D11-1
Add Pin To Net: Unknown Pin: Pin D11-2
Add Pin To Net: Unknown Pin: Pin D12-1
Add Pin To Net: Unknown Pin: Pin D12-2
Add Pin To Net: Unknown Pin: Pin D13-1
Add Pin To Net: Unknown Pin: Pin D13-2
Add Pin To Net: Unknown Pin: Pin D14-1
Add Pin To Net: Unknown Pin: Pin D14-2
Add Pin To Net: Unknown Pin: Pin D15-1
Add Pin To Net: Unknown Pin: Pin D15-2
Add Pin To Net: Unknown Pin: Pin D16-1
Add Pin To Net: Unknown Pin: Pin D16-2
Add Pin To Net: Unknown Pin: Pin D17-1
Add Pin To Net: Unknown Pin: Pin D17-2
Add Pin To Net: Unknown Pin: Pin D18-1
Add Pin To Net: Unknown Pin: Pin D18-2
Add Pin To Net: Unknown Pin: Pin D19-1
Add Pin To Net: Unknown Pin: Pin D19-2
Add Pin To Net: Unknown Pin: Pin D20-1
Add Pin To Net: Unknown Pin: Pin D20-2
Add Pin To Net: Unknown Pin: Pin D21-1
Add Pin To Net: Unknown Pin: Pin D21-2
Add Pin To Net: Unknown Pin: Pin D22-1
Add Pin To Net: Unknown Pin: Pin D22-2
Add Pin To Net: Unknown Pin: Pin D23-1
Add Pin To Net: Unknown Pin: Pin D23-2
Add Pin To Net: Unknown Pin: Pin D24-1
Add Pin To Net: Unknown Pin: Pin D24-2
Added Pin To Net: NetName=VDC+1 Pin=J2-1
Added Pin To Net: NetName=VDC- Pin=J2-2
Added Pin To Net: NetName=VDC+2 Pin=J2-3
Added Pin To Net: NetName=+3V3 Pin=J3-1
Added Pin To Net: NetName=PRGM_SWIO Pin=J3-2
Added Pin To Net: NetName=GND Pin=J3-3
Added Pin To Net: NetName=PRGM_SWCLK Pin=J3-4
Added Pin To Net: NetName=GND Pin=J3-5
Added Pin To Net: NetName=PRGM_SWO Pin=J3-6
Added Pin To Net: NetName=GND Pin=J3-9
Added Pin To Net: NetName=NRST Pin=J3-10
Add Pin To Net: Unknown Pin: Pin LED5V-1
Add Pin To Net: Unknown Pin: Pin LED5V-2
Add Pin To Net: Unknown Pin: Pin MP1-1
Add Pin To Net: Unknown Pin: Pin MP2-1
Add Pin To Net: Unknown Pin: Pin OP1-2
Add Pin To Net: Unknown Pin: Pin OP1-3
Add Pin To Net: Unknown Pin: Pin OP1-4
Add Pin To Net: Unknown Pin: Pin OP1-6
Add Pin To Net: Unknown Pin: Pin OP1-7
Add Pin To Net: Unknown Pin: Pin OP2-2
Add Pin To Net: Unknown Pin: Pin OP2-3
Add Pin To Net: Unknown Pin: Pin OP2-4
Add Pin To Net: Unknown Pin: Pin OP2-6
Add Pin To Net: Unknown Pin: Pin OP2-7
Add Pin To Net: Unknown Pin: Pin PS1-1
Add Pin To Net: Unknown Pin: Pin PS1-2
Add Pin To Net: Unknown Pin: Pin PS1-4
Add Pin To Net: Unknown Pin: Pin PS1-5
Add Pin To Net: Unknown Pin: Pin PS1-6
Add Pin To Net: Unknown Pin: Pin PS2-1
Add Pin To Net: Unknown Pin: Pin PS2-2
Add Pin To Net: Unknown Pin: Pin PS2-5
Add Pin To Net: Unknown Pin: Pin PS2-6
Add Pin To Net: Unknown Pin: Pin PS2-7
Add Pin To Net: Unknown Pin: Pin PS3-1
Add Pin To Net: Unknown Pin: Pin PS3-2
Add Pin To Net: Unknown Pin: Pin PS3-5
Add Pin To Net: Unknown Pin: Pin PS3-6
Add Pin To Net: Unknown Pin: Pin PS3-7
Add Pin To Net: Unknown Pin: Pin PS4-1
Add Pin To Net: Unknown Pin: Pin PS4-2
Add Pin To Net: Unknown Pin: Pin PS4-5
Add Pin To Net: Unknown Pin: Pin PS4-6
Add Pin To Net: Unknown Pin: Pin PS4-7
Add Pin To Net: Unknown Pin: Pin PS5-1
Add Pin To Net: Unknown Pin: Pin PS5-2
Add Pin To Net: Unknown Pin: Pin PS5-5
Add Pin To Net: Unknown Pin: Pin PS5-6
Add Pin To Net: Unknown Pin: Pin PS5-7
Added Pin To Net: NetName=NRST Pin=R1-1
Added Pin To Net: NetName=Q1_1 GND Pin=R1-1
Added Pin To Net: NetName=+3V3 Pin=R1-2
Added Pin To Net: NetName=NetC20_1 Pin=R1-2
Added Pin To Net: NetName=GND Pin=R2-1
Added Pin To Net: NetName=Q2_1 GND Pin=R2-1
Added Pin To Net: NetName=BOOT1 Pin=R2-2
Added Pin To Net: NetName=NetC35_1 Pin=R2-2
Added Pin To Net: NetName=-15V Pin=R3-1
Added Pin To Net: NetName=GND Pin=R3-1
Added Pin To Net: NetName=+15V Pin=R3-2
Added Pin To Net: NetName=BOOT0 Pin=R3-2
Added Pin To Net: NetName=GND Pin=R4-1
Added Pin To Net: NetName=NetD1_2 Pin=R4-1
Added Pin To Net: NetName=NetD1_1 Pin=R4-2
Added Pin To Net: NetName=NetR4_2 Pin=R4-2
Add Pin To Net: Unknown Pin: Pin R5-1
Add Pin To Net: Unknown Pin: Pin R5-2
Added Pin To Net: NetName=GND Pin=R6-1
Added Pin To Net: NetName=NetR6_1 Pin=R6-1
Added Pin To Net: NetName=NetC20_1 Pin=R6-2
Added Pin To Net: NetName=NetD2_1 Pin=R6-2
Added Pin To Net: NetName=+3V3 Pin=R7-2
Added Pin To Net: NetName=NetC18_1 Pin=R7-2
Added Pin To Net: NetName=GND Pin=R8-1
Added Pin To Net: NetName=NetR8_1 Pin=R8-1
Added Pin To Net: NetName=NetC20_1 Pin=R8-2
Added Pin To Net: NetName=NetR7_1 Pin=R8-2
Added Pin To Net: NetName=GND Pin=R9-1
Added Pin To Net: NetName=RDY_1_1 Pin=R9-1
Added Pin To Net: NetName=5V Pin=R9-2
Added Pin To Net: NetName=NetD3_1 Pin=R9-2
Add Pin To Net: Unknown Pin: Pin R10-1
Add Pin To Net: Unknown Pin: Pin R10-2
Add Pin To Net: Unknown Pin: Pin R11-1
Add Pin To Net: Unknown Pin: Pin R11-2
Add Pin To Net: Unknown Pin: Pin R12-2
Add Pin To Net: Unknown Pin: Pin R13-1
Add Pin To Net: Unknown Pin: Pin R13-2
Add Pin To Net: Unknown Pin: Pin R14-1
Add Pin To Net: Unknown Pin: Pin R14-2
Add Pin To Net: Unknown Pin: Pin R15-1
Add Pin To Net: Unknown Pin: Pin R15-2
Added Pin To Net: NetName=FLT_1_1 Pin=R16-1
Added Pin To Net: NetName=NetR16_1 Pin=R16-1
Added Pin To Net: NetName=5V Pin=R16-2
Added Pin To Net: NetName=+3V3 Pin=R16-2
Added Pin To Net: NetName=NetR17_2 Pin=R17-2
Added Pin To Net: NetName=VDC+1 Pin=R17-2
Added Pin To Net: NetName=NetR16_1 Pin=R20-2
Added Pin To Net: NetName=NetR20_2 Pin=R20-2
Added Pin To Net: NetName=NetR17_1 Pin=R21-2
Added Pin To Net: NetName=NetR20_2 Pin=R21-2
Added Pin To Net: NetName=NetQ4_3 Pin=R22-1
Added Pin To Net: NetName=NetR22_1 Pin=R22-1
Added Pin To Net: NetName=NetD10_1 Pin=R22-2
Added Pin To Net: NetName=NetR18_1 Pin=R22-2
Added Pin To Net: NetName=Net*_14 Pin=R24-2
Added Pin To Net: NetName=NetC44_1 Pin=R24-2
Added Pin To Net: NetName=NetR25_1 Pin=R25-1
Added Pin To Net: NetName=OUT_1_P Pin=R25-1
Added Pin To Net: NetName=NetC48_1 Pin=R25-2
Added Pin To Net: NetName=NetR20_1 Pin=R25-2
Added Pin To Net: NetName=NetR26_1 Pin=R26-1
Added Pin To Net: NetName=RDY_1_2 Pin=R26-1
Added Pin To Net: NetName=5V Pin=R26-2
Added Pin To Net: NetName=NetR21_1 Pin=R26-2
Added Pin To Net: NetName=-2V5_Q2_1 Pin=R27-1
Added Pin To Net: NetName=NetR27_1 Pin=R27-1
Added Pin To Net: NetName=NetC44_2 Pin=R27-2
Added Pin To Net: NetName=NetR22_1 Pin=R27-2
Added Pin To Net: NetName=NetR28_1 Pin=R28-1
Added Pin To Net: NetName=OUT_1_N Pin=R28-1
Added Pin To Net: NetName=NetC38_1 Pin=R28-2
Added Pin To Net: NetName=NetR23_1 Pin=R28-2
Added Pin To Net: NetName=FLT_1_2 Pin=R29-1
Added Pin To Net: NetName=GND Pin=R29-1
Added Pin To Net: NetName=5V Pin=R29-2
Added Pin To Net: NetName=NetR25_1 Pin=R29-2
Added Pin To Net: NetName=GND Pin=R30-1
Added Pin To Net: NetName=VCAP_HB1 Pin=R30-1
Added Pin To Net: NetName=NetC38_1 Pin=R30-2
Added Pin To Net: NetName=NetR26_1 Pin=R30-2
Added Pin To Net: NetName=GND Pin=R31-1
Added Pin To Net: NetName=NetD11_1 Pin=R31-1
Added Pin To Net: NetName=GND Pin=R31-2
Added Pin To Net: NetName=NetR27_1 Pin=R31-2
Added Pin To Net: NetName=GND Pin=R32-1
Added Pin To Net: NetName=NetD12_1 Pin=R32-1
Added Pin To Net: NetName=GND Pin=R32-2
Added Pin To Net: NetName=NetR28_1 Pin=R32-2
Added Pin To Net: NetName=-2V5_Q2_1 Pin=R33-1
Added Pin To Net: NetName=NetR23_1 Pin=R33-1
Added Pin To Net: NetName=NetC25_1 Pin=R34-1
Added Pin To Net: NetName=NetD13_1 Pin=R34-1
Added Pin To Net: NetName=NetC26_1 Pin=R34-2
Added Pin To Net: NetName=NetQ6_6 Pin=R34-2
Add Pin To Net: Unknown Pin: Pin R35-1
Add Pin To Net: Unknown Pin: Pin R35-2
Add Pin To Net: Unknown Pin: Pin R36-1
Add Pin To Net: Unknown Pin: Pin R36-2
Add Pin To Net: Unknown Pin: Pin R37-1
Add Pin To Net: Unknown Pin: Pin R37-2
Add Pin To Net: Unknown Pin: Pin R38-1
Add Pin To Net: Unknown Pin: Pin R38-2
Add Pin To Net: Unknown Pin: Pin R39-1
Add Pin To Net: Unknown Pin: Pin R39-2
Add Pin To Net: Unknown Pin: Pin R40-1
Add Pin To Net: Unknown Pin: Pin R40-2
Add Pin To Net: Unknown Pin: Pin R41-1
Add Pin To Net: Unknown Pin: Pin R41-2
Add Pin To Net: Unknown Pin: Pin R42-1
Add Pin To Net: Unknown Pin: Pin R42-2
Add Pin To Net: Unknown Pin: Pin R43-1
Add Pin To Net: Unknown Pin: Pin R43-2
Add Pin To Net: Unknown Pin: Pin R44-1
Add Pin To Net: Unknown Pin: Pin R44-2
Add Pin To Net: Unknown Pin: Pin R45-1
Add Pin To Net: Unknown Pin: Pin R45-2
Add Pin To Net: Unknown Pin: Pin R46-1
Add Pin To Net: Unknown Pin: Pin R46-2
Add Pin To Net: Unknown Pin: Pin R47-1
Add Pin To Net: Unknown Pin: Pin R47-2
Add Pin To Net: Unknown Pin: Pin R48-1
Add Pin To Net: Unknown Pin: Pin R48-2
Add Pin To Net: Unknown Pin: Pin R49-1
Add Pin To Net: Unknown Pin: Pin R49-2
Add Pin To Net: Unknown Pin: Pin R50-1
Add Pin To Net: Unknown Pin: Pin R50-2
Add Pin To Net: Unknown Pin: Pin R51-1
Add Pin To Net: Unknown Pin: Pin R51-2
Add Pin To Net: Unknown Pin: Pin R52-1
Add Pin To Net: Unknown Pin: Pin R52-2
Add Pin To Net: Unknown Pin: Pin R53-1
Add Pin To Net: Unknown Pin: Pin R53-2
Add Pin To Net: Unknown Pin: Pin R54-1
Add Pin To Net: Unknown Pin: Pin R54-2
Add Pin To Net: Unknown Pin: Pin R55-1
Add Pin To Net: Unknown Pin: Pin R55-2
Add Pin To Net: Unknown Pin: Pin R56-1
Add Pin To Net: Unknown Pin: Pin R56-2
Add Pin To Net: Unknown Pin: Pin R57-1
Add Pin To Net: Unknown Pin: Pin R57-2
Add Pin To Net: Unknown Pin: Pin R58-1
Add Pin To Net: Unknown Pin: Pin R58-2
Add Pin To Net: Unknown Pin: Pin R59-1
Add Pin To Net: Unknown Pin: Pin R59-2
Add Pin To Net: Unknown Pin: Pin R60-1
Add Pin To Net: Unknown Pin: Pin R60-2
Add Pin To Net: Unknown Pin: Pin R61-1
Add Pin To Net: Unknown Pin: Pin R61-2
Add Pin To Net: Unknown Pin: Pin R62-1
Add Pin To Net: Unknown Pin: Pin R62-2
Add Pin To Net: Unknown Pin: Pin R63-1
Add Pin To Net: Unknown Pin: Pin R63-2
Add Pin To Net: Unknown Pin: Pin R64-1
Add Pin To Net: Unknown Pin: Pin R64-2
Add Pin To Net: Unknown Pin: Pin R65-1
Add Pin To Net: Unknown Pin: Pin R65-2
Add Pin To Net: Unknown Pin: Pin R66-1
Add Pin To Net: Unknown Pin: Pin R66-2
Add Pin To Net: Unknown Pin: Pin R67-1
Add Pin To Net: Unknown Pin: Pin R67-2
Add Pin To Net: Unknown Pin: Pin R68-1
Add Pin To Net: Unknown Pin: Pin R68-2
Add Pin To Net: Unknown Pin: Pin R69-1
Add Pin To Net: Unknown Pin: Pin R69-2
Add Pin To Net: Unknown Pin: Pin R70-1
Add Pin To Net: Unknown Pin: Pin R70-2
Add Pin To Net: Unknown Pin: Pin R71-1
Add Pin To Net: Unknown Pin: Pin R71-2
Add Pin To Net: Unknown Pin: Pin R72-1
Add Pin To Net: Unknown Pin: Pin R72-2
Add Pin To Net: Unknown Pin: Pin R73-1
Add Pin To Net: Unknown Pin: Pin R73-2
Add Pin To Net: Unknown Pin: Pin R74-1
Add Pin To Net: Unknown Pin: Pin R74-2
Add Pin To Net: Unknown Pin: Pin R75-1
Add Pin To Net: Unknown Pin: Pin R75-2
Add Pin To Net: Unknown Pin: Pin R76-1
Add Pin To Net: Unknown Pin: Pin R76-2
Add Pin To Net: Unknown Pin: Pin R77-1
Add Pin To Net: Unknown Pin: Pin R77-2
Add Pin To Net: Unknown Pin: Pin R78-1
Add Pin To Net: Unknown Pin: Pin R78-2
Add Pin To Net: Unknown Pin: Pin R79-1
Add Pin To Net: Unknown Pin: Pin R79-2
Add Pin To Net: Unknown Pin: Pin R80-1
Add Pin To Net: Unknown Pin: Pin R80-2
Add Pin To Net: Unknown Pin: Pin U1-1
Add Pin To Net: Unknown Pin: Pin U1-2
Add Pin To Net: Unknown Pin: Pin U1-3
Add Pin To Net: Unknown Pin: Pin U1-4
Add Pin To Net: Unknown Pin: Pin U1-5
Add Pin To Net: Unknown Pin: Pin U1-6
Add Pin To Net: Unknown Pin: Pin U1-7
Add Pin To Net: Unknown Pin: Pin U1-8
Add Pin To Net: Unknown Pin: Pin U1-9
Add Pin To Net: Unknown Pin: Pin U1-10
Add Pin To Net: Unknown Pin: Pin U1-11
Add Pin To Net: Unknown Pin: Pin U1-12
Add Pin To Net: Unknown Pin: Pin U1-13
Add Pin To Net: Unknown Pin: Pin U1-14
Add Pin To Net: Unknown Pin: Pin U1-15
Add Pin To Net: Unknown Pin: Pin U1-16
Add Pin To Net: Unknown Pin: Pin U1_18V-1
Add Pin To Net: Unknown Pin: Pin U1_-2V5-1
Add Pin To Net: Unknown Pin: Pin U1_GND-1
Add Pin To Net: Unknown Pin: Pin U1_IN+-1
Add Pin To Net: Unknown Pin: Pin U1_IN--1
Added Pin To Net: NetName=+3V3 Pin=U2-1
Added Pin To Net: NetName=PWM_HB1_H Pin=U2-1
Added Pin To Net: NetName=GND Pin=U2-2
Added Pin To Net: NetName=NetU2_2 Pin=U2-2
Added Pin To Net: NetName=NetU2_3 Pin=U2-3
Added Pin To Net: NetName=PWM_HB1_L Pin=U2-3
Added Pin To Net: NetName=5V Pin=U2-5
Added Pin To Net: NetName=OSC_IN Pin=U2-5
Added Pin To Net: NetName=NetR5_1 Pin=U2-6
Added Pin To Net: NetName=OSC_OUT Pin=U2-6
Added Pin To Net: NetName=-2V5_Q2_1 Pin=U3-1
Added Pin To Net: NetName=GND Pin=U3-1
Added Pin To Net: NetName=NetC16_1 Pin=U3-2
Added Pin To Net: NetName=+7V4 Pin=U3-3
Added Pin To Net: NetName=Q2_1 GND Pin=U3-3
Added Pin To Net: NetName=NetR7_1 Pin=U3-4
Added Pin To Net: NetName=NetR14_1 Pin=U3-4
Added Pin To Net: NetName=18V_Q2_1 Pin=U3-5
Added Pin To Net: NetName=+7V4 Pin=U3-5
Added Pin To Net: NetName=NetR15_1 Pin=U3-6
Add Pin To Net: Unknown Pin: Pin U3-7
Add Pin To Net: Unknown Pin: Pin U3-8
Add Pin To Net: Unknown Pin: Pin U3-9
Add Pin To Net: Unknown Pin: Pin U3-10
Add Pin To Net: Unknown Pin: Pin U3-11
Add Pin To Net: Unknown Pin: Pin U3-12
Add Pin To Net: Unknown Pin: Pin U3-13
Add Pin To Net: Unknown Pin: Pin U3-14
Add Pin To Net: Unknown Pin: Pin U3-15
Add Pin To Net: Unknown Pin: Pin U3-16
Add Pin To Net: Unknown Pin: Pin U3_18V-1
Add Pin To Net: Unknown Pin: Pin U3_-2V5-1
Add Pin To Net: Unknown Pin: Pin U3_GND-1
Add Pin To Net: Unknown Pin: Pin U3_IN+-1
Add Pin To Net: Unknown Pin: Pin U3_IN--1
Added Pin To Net: NetName=+5V_LDO_1 Pin=U4-1
Added Pin To Net: NetName=+7V4_RAW Pin=U4-1
Added Pin To Net: NetName=+7V4_RAW Pin=U4-2
Added Pin To Net: NetName=NetC44_1 Pin=U4-2
Added Pin To Net: NetName=+7V4 Pin=U4-3
Added Pin To Net: NetName=NetC44_2 Pin=U4-3
Added Pin To Net: NetName=+7V4 Pin=U4-4
Added Pin To Net: NetName=-2V5_Q2_1 Pin=U4-4
Add Pin To Net: Unknown Pin: Pin U4-5
Add Pin To Net: Unknown Pin: Pin U4-6
Add Pin To Net: Unknown Pin: Pin U4-7
Add Pin To Net: Unknown Pin: Pin U4-8
Add Pin To Net: Unknown Pin: Pin U4_IN+-1
Add Pin To Net: Unknown Pin: Pin U4_IN--1
Add Pin To Net: Unknown Pin: Pin U4_OUT+-1
Add Pin To Net: Unknown Pin: Pin U4_OUT--1
Add Pin To Net: Unknown Pin: Pin U5-1
Add Pin To Net: Unknown Pin: Pin U5-2
Add Pin To Net: Unknown Pin: Pin U5-3
Add Pin To Net: Unknown Pin: Pin U5-4
Add Pin To Net: Unknown Pin: Pin U5-5
Add Pin To Net: Unknown Pin: Pin U5-6
Add Pin To Net: Unknown Pin: Pin U5-7
Add Pin To Net: Unknown Pin: Pin U5-8
Add Pin To Net: Unknown Pin: Pin U5-9
Add Pin To Net: Unknown Pin: Pin U5-10
Add Pin To Net: Unknown Pin: Pin U5-11
Add Pin To Net: Unknown Pin: Pin U5-12
Add Pin To Net: Unknown Pin: Pin U5-13
Add Pin To Net: Unknown Pin: Pin U5-14
Add Pin To Net: Unknown Pin: Pin U5-15
Add Pin To Net: Unknown Pin: Pin U5-16
Add Pin To Net: Unknown Pin: Pin U5_18V-1
Add Pin To Net: Unknown Pin: Pin U5_-2V5-1
Add Pin To Net: Unknown Pin: Pin U5_GND-1
Add Pin To Net: Unknown Pin: Pin U5_IN+-1
Add Pin To Net: Unknown Pin: Pin U5_IN--1
Add Pin To Net: Unknown Pin: Pin U6-2
Add Pin To Net: Unknown Pin: Pin U6-4
Add Pin To Net: Unknown Pin: Pin U6-5
Add Pin To Net: Unknown Pin: Pin U8-1
Add Pin To Net: Unknown Pin: Pin U8-2
Add Pin To Net: Unknown Pin: Pin U8-3
Add Pin To Net: Unknown Pin: Pin U8-4
Add Pin To Net: Unknown Pin: Pin U8-5
Add Pin To Net: Unknown Pin: Pin U8-6
Add Pin To Net: Unknown Pin: Pin U9-1
Add Pin To Net: Unknown Pin: Pin U9-2
Add Pin To Net: Unknown Pin: Pin U9-3
Add Pin To Net: Unknown Pin: Pin U9-4
Add Pin To Net: Unknown Pin: Pin U9-5
Add Pin To Net: Unknown Pin: Pin U9-6
Add Pin To Net: Unknown Pin: Pin U9-7
Add Pin To Net: Unknown Pin: Pin U9-8
Add Pin To Net: Unknown Pin: Pin U9-9
Add Pin To Net: Unknown Pin: Pin U9-10
Add Pin To Net: Unknown Pin: Pin U9-11
Add Pin To Net: Unknown Pin: Pin U9-12
Add Pin To Net: Unknown Pin: Pin U9-13
Add Pin To Net: Unknown Pin: Pin U9-14
Add Pin To Net: Unknown Pin: Pin U9-15
Add Pin To Net: Unknown Pin: Pin U9-16
Add Pin To Net: Unknown Pin: Pin U9_18V-1
Add Pin To Net: Unknown Pin: Pin U9_-2V5-1
Add Pin To Net: Unknown Pin: Pin U9_GND-1
Add Pin To Net: Unknown Pin: Pin U9_IN+-1
Add Pin To Net: Unknown Pin: Pin U9_IN--1
Add Pin To Net: Unknown Pin: Pin U9OUT-1
Add Pin To Net: Unknown Pin: Pin U10-1
Add Pin To Net: Unknown Pin: Pin U10-2
Add Pin To Net: Unknown Pin: Pin U10-3
Add Pin To Net: Unknown Pin: Pin U10-4
Add Pin To Net: Unknown Pin: Pin U10-5
Add Pin To Net: Unknown Pin: Pin U10-6
Add Pin To Net: Unknown Pin: Pin U10-7
Add Pin To Net: Unknown Pin: Pin U10-8
Add Pin To Net: Unknown Pin: Pin U10_IN+-1
Add Pin To Net: Unknown Pin: Pin U10_IN--1
Add Pin To Net: Unknown Pin: Pin U10_OUT+-1
Add Pin To Net: Unknown Pin: Pin U10_OUT--1
Add Pin To Net: Unknown Pin: Pin U11-2
Add Pin To Net: Unknown Pin: Pin U11-4
Add Pin To Net: Unknown Pin: Pin U11-5
Add Pin To Net: Unknown Pin: Pin VCAP1-1
Add Pin To Net: Unknown Pin: Pin VCAP2-1
Add Pin To Net: Unknown Pin: Pin Z2-1
Add Pin To Net: Unknown Pin: Pin Z2-3
Added Pin To Net: NetName=NetC16_1 Pin=Z3-1
Add Pin To Net: Unknown Pin: Pin Z4-1
Add Pin To Net: Unknown Pin: Pin Z4-3
Add Pin To Net: Unknown Pin: Pin Z6-1
Add Pin To Net: Unknown Pin: Pin Z6-3
Add Pin To Net: Unknown Pin: Pin Z8-1
Add Pin To Net: Unknown Pin: Pin Z8-3
Add Net: Net with name "NetC16_1" already exists
Add Net: Net with name "NetC_U_MOSFET_Driver1_1" already exists
Add Net: Net with name "NetC_U_MOSFET_Driver1_1" already exists
Add Net: Net with name "NetC_U_MOSFET_Driver1_1" already exists
Add Net: Net with name "NetC_U_MOSFET_Driver1_1" already exists
Add Net: Net with name "NetC_U_MOSFET_Driver1_2" already exists
Add Net: Net with name "NetC_U_MOSFET_Driver1_2" already exists
Add Net: Net with name "NetC_U_MOSFET_Driver1_2" already exists
Add Net: Net with name "NetC_U_MOSFET_Driver2_1" already exists
Add Net: Net with name "NetC_U_MOSFET_Driver2_1" already exists
Add Net: Net with name "NetC_U_MOSFET_Driver2_1" already exists
Add Net: Net with name "NetC_U_MOSFET_Driver2_1" already exists
Add Net: Net with name "NetC_U_MOSFET_Driver2_2" already exists
Add Net: Net with name "NetC_U_MOSFET_Driver2_2" already exists
Add Net: Net with name "NetC_U_MOSFET_Driver2_2" already exists
Add Net: Net with name "NetC_U_MOSFET_Driver3_1" already exists
Add Net: Net with name "NetC_U_MOSFET_Driver3_1" already exists
Add Net: Net with name "NetC_U_MOSFET_Driver3_1" already exists
Add Net: Net with name "NetC_U_MOSFET_Driver3_1" already exists
Add Net: Net with name "NetC_U_MOSFET_Driver3_2" already exists
Add Net: Net with name "NetC_U_MOSFET_Driver3_2" already exists
Add Net: Net with name "NetC_U_MOSFET_Driver3_2" already exists
Add Net: Net with name "NetD1_1" already exists
Add Net: Net with name "NetD3_1" already exists
Add Net: Net with name "NetQ_U_MOSFET_Driver1_4" already exists
Add Net: Net with name "NetQ_U_MOSFET_Driver1_4" already exists
Add Net: Net with name "NetQ_U_MOSFET_Driver1_4" already exists
Add Net: Net with name "NetQ_U_MOSFET_Driver1_4" already exists
Add Net: Net with name "NetQ_U_MOSFET_Driver1_4" already exists
Add Net: Net with name "NetQ_U_MOSFET_Driver2_4" already exists
Add Net: Net with name "NetQ_U_MOSFET_Driver2_4" already exists
Add Net: Net with name "NetQ_U_MOSFET_Driver2_4" already exists
Add Net: Net with name "NetQ_U_MOSFET_Driver2_4" already exists
Add Net: Net with name "NetQ_U_MOSFET_Driver2_4" already exists
Add Net: Net with name "NetQ_U_MOSFET_Driver3_4" already exists
Add Net: Net with name "NetQ_U_MOSFET_Driver3_4" already exists
Add Net: Net with name "NetQ_U_MOSFET_Driver3_4" already exists
Add Net: Net with name "NetQ_U_MOSFET_Driver3_4" already exists
Add Net: Net with name "NetQ_U_MOSFET_Driver3_4" already exists
Add Net: Net with name "NetR7_1" already exists
Add Net: Net with name "NetR17_1" already exists
Add Net: Net with name "NetR18_2" already exists
Add Net: Net with name "NetR19_1" already exists
Add Net: Net with name "NetR21_1" already exists
Add Net: Net with name "NetR23_1" already exists
Add Net: Net with name "NetR_U_MOSFET_Driver1_1" already exists
Add Net: Net with name "NetR_U_MOSFET_Driver1_2" already exists
Add Net: Net with name "NetR_U_MOSFET_Driver1_2" already exists
Add Net: Net with name "NetR_U_MOSFET_Driver2_1" already exists
Add Net: Net with name "NetR_U_MOSFET_Driver2_2" already exists
Add Net: Net with name "NetR_U_MOSFET_Driver2_2" already exists
Add Net: Net with name "NetR_U_MOSFET_Driver3_1" already exists
Add Net: Net with name "NetR_U_MOSFET_Driver3_2" already exists
Add Net: Net with name "NetR_U_MOSFET_Driver3_2" already exists
Add Class: Class already exists: HB1
Add Class Member: Failed to add class member : Component -15V TP_5261
Add Class Member: Failed to add class member : Component 5V ref 2V5 TP_5261
Add Class Member: Failed to add class member : Component 15V TP_5261
Add Class Member: Failed to add class member : Component C14 1uF
Add Class Member: Failed to add class member : Component C34 1uF
Add Class Member: Failed to add class member : Component C45 4.7uF
Add Class Member: Failed to add class member : Component C46 0.1uF
Add Class Member: Failed to add class member : Component C52 0.1uF
Add Class Member: Failed to add class member : Component C53 1uF
Add Class Member: Failed to add class member : Component C54 0.1uF
Add Class Member: Failed to add class member : Component C55 DNP
Add Class Member: Failed to add class member : Component C56 DNP
Add Class Member: Failed to add class member : Component C57 110pF
Add Class Member: Failed to add class member : Component C58 22pF
Add Class Member: Failed to add class member : Component C59 1uF
Add Class Member: Failed to add class member : Component C61 1uF
Add Class Member: Failed to add class member : Component C62 0.1uF
Add Class Member: Failed to add class member : Component C63 4.7uF
Add Class Member: Failed to add class member : Component C64 1uF
Add Class Member: Failed to add class member : Component C65 0.1uF
Add Class Member: Failed to add class member : Component C66 1uF
Add Class Member: Failed to add class member : Component C67 1uF
Add Class Member: Failed to add class member : Component C68 1uF
Add Class Member: Failed to add class member : Component C69 0.1uF
Add Class Member: Failed to add class member : Component C70 DNP
Add Class Member: Failed to add class member : Component C71 DNP
Add Class Member: Failed to add class member : Component C72 110pF
Add Class Member: Failed to add class member : Component C73 22pF
Add Class Member: Failed to add class member : Component C74 1uF
Add Class Member: Failed to add class member : Component C75 0.1uF
Add Class Member: Failed to add class member : Component C76 680pF
Add Class Member: Failed to add class member : Component C77 1uF
Add Class Member: Failed to add class member : Component C78 0.1uF
Add Class Member: Failed to add class member : Component C79 1uF
Add Class Member: Failed to add class member : Component C80 0.1uF
Add Class Member: Failed to add class member : Component C81 0.1uF
Add Class Member: Failed to add class member : Component C82 10nF
Add Class Member: Failed to add class member : Component C83 0.1uF
Add Class Member: Failed to add class member : Component C84 680pF
Add Class Member: Failed to add class member : Component C85 1uF
Add Class Member: Failed to add class member : Component C86 1uF
Add Class Member: Failed to add class member : Component C87 0.1uF
Add Class Member: Failed to add class member : Component C88 0.1uF
Add Class Member: Failed to add class member : Component C98 1uF
Add Class Member: Failed to add class member : Component C99 0.1uF
Add Class Member: Failed to add class member : Component C102 1uF
Add Class Member: Failed to add class member : Component C103 1uF
Add Class Member: Failed to add class member : Component C104 0.1uF
Add Class Member: Failed to add class member : Component C105 1uF
Add Class Member: Failed to add class member : Component C106 0.1uF
Add Class Member: Failed to add class member : Component C111 10uF
Add Class Member: Failed to add class member : Component C112 1uF
Add Class Member: Failed to add class member : Component C113 10uF
Add Class Member: Failed to add class member : Component C114 1uF
Added Member To Class: ClassName=U_MOSFET_Driver1 Member=Component C_U_MOSFET_Driver1 (C) 1uF
Added Member To Class: ClassName=U_MOSFET_Driver1 Member=Component C_U_MOSFET_Driver1 (C) 10uF
Added Member To Class: ClassName=U_MOSFET_Driver1 Member=Component C_U_MOSFET_Driver1 (C) 1uF
Added Member To Class: ClassName=U_MOSFET_Driver1 Member=Component C_U_MOSFET_Driver1 (C) 470nF
Added Member To Class: ClassName=U_MOSFET_Driver2 Member=Component C_U_MOSFET_Driver2 (C) 1uF
Added Member To Class: ClassName=U_MOSFET_Driver2 Member=Component C_U_MOSFET_Driver2 (C) 10uF
Added Member To Class: ClassName=U_MOSFET_Driver2 Member=Component C_U_MOSFET_Driver2 (C) 470nF
Added Member To Class: ClassName=U_MOSFET_Driver2 Member=Component C_U_MOSFET_Driver2 (C) 1uF
Added Member To Class: ClassName=U_MOSFET_Driver3 Member=Component C_U_MOSFET_Driver3 (C) 470nF
Added Member To Class: ClassName=U_MOSFET_Driver3 Member=Component C_U_MOSFET_Driver3 (C) 1uF
Added Member To Class: ClassName=U_MOSFET_Driver3 Member=Component C_U_MOSFET_Driver3 (C) 10uF
Added Member To Class: ClassName=U_MOSFET_Driver3 Member=Component C_U_MOSFET_Driver3 (C) 1uF
Add Class Member: Failed to add class member : Component D17 LGR971-KN-1
Add Class Member: Failed to add class member : Component D18 LGR971-KN-1
Add Class Member: Failed to add class member : Component D19 LGR971-KN-1
Add Class Member: Failed to add class member : Component D20 LGR971-KN-1
Add Class Member: Failed to add class member : Component D21 LGR971-KN-1
Add Class Member: Failed to add class member : Component D22 LGR971-KN-1
Add Class Member: Failed to add class member : Component D23 LGR971-KN-1
Add Class Member: Failed to add class member : Component D24 LGR971-KN-1
Added Member To Class: ClassName=U_MOSFET_Driver Member=Component J2 39-30-1039
Added Member To Class: ClassName=U_STM32 Member=Component J3 conn_0.050"_cortexM
Add Class Member: Failed to add class member : Component LED5V LGR971-KN-1
Add Class Member: Failed to add class member : Component MP1 M5
Add Class Member: Failed to add class member : Component MP2 M5
Add Class Member: Failed to add class member : Component OP2 OP07DRZ-REEL
Add Class Member: Failed to add class member : Component PS1 1W, 12V to +/- 15V
Add Class Member: Failed to add class member : Component PS4 MGJ2D121802SC
Add Class Member: Failed to add class member : Component PS5 MGJ2D121802SC
Added Member To Class: ClassName=U_MOSFET_Driver1 Member=Component Q_U_MOSFET_Driver1 (Q) CSD17581Q5A
Added Member To Class: ClassName=U_MOSFET_Driver1 Member=Component Q_U_MOSFET_Driver1 (Q) CSD17581Q5A
Added Member To Class: ClassName=U_MOSFET_Driver1 Member=Component Q_U_MOSFET_Driver1 (Q) CSD17581Q5A
Added Member To Class: ClassName=U_MOSFET_Driver1 Member=Component Q_U_MOSFET_Driver1 (Q) CSD17581Q5A
Added Member To Class: ClassName=U_MOSFET_Driver1 Member=Component Q_U_MOSFET_Driver1 (Q) CSD17581Q5A
Added Member To Class: ClassName=U_MOSFET_Driver2 Member=Component Q_U_MOSFET_Driver2 (Q) CSD17581Q5A
Added Member To Class: ClassName=U_MOSFET_Driver2 Member=Component Q_U_MOSFET_Driver2 (Q) CSD17581Q5A
Added Member To Class: ClassName=U_MOSFET_Driver2 Member=Component Q_U_MOSFET_Driver2 (Q) CSD17581Q5A
Added Member To Class: ClassName=U_MOSFET_Driver2 Member=Component Q_U_MOSFET_Driver2 (Q) CSD17581Q5A
Added Member To Class: ClassName=U_MOSFET_Driver2 Member=Component Q_U_MOSFET_Driver2 (Q) CSD17581Q5A
Added Member To Class: ClassName=U_MOSFET_Driver3 Member=Component Q_U_MOSFET_Driver3 (Q) CSD17581Q5A
Added Member To Class: ClassName=U_MOSFET_Driver3 Member=Component Q_U_MOSFET_Driver3 (Q) CSD17581Q5A
Added Member To Class: ClassName=U_MOSFET_Driver3 Member=Component Q_U_MOSFET_Driver3 (Q) CSD17581Q5A
Added Member To Class: ClassName=U_MOSFET_Driver3 Member=Component Q_U_MOSFET_Driver3 (Q) CSD17581Q5A
Added Member To Class: ClassName=U_MOSFET_Driver3 Member=Component Q_U_MOSFET_Driver3 (Q) CSD17581Q5A
Add Class Member: Failed to add class member : Component R39 1k
Add Class Member: Failed to add class member : Component R40 0R
Add Class Member: Failed to add class member : Component R41 22R
Add Class Member: Failed to add class member : Component R42 0R
Add Class Member: Failed to add class member : Component R43 22R
Add Class Member: Failed to add class member : Component R44 10k
Add Class Member: Failed to add class member : Component R45 1k
Add Class Member: Failed to add class member : Component R46 0R
Add Class Member: Failed to add class member : Component R47 0R
Add Class Member: Failed to add class member : Component R48 22R
Add Class Member: Failed to add class member : Component R49 22R
Add Class Member: Failed to add class member : Component R50 10k
Add Class Member: Failed to add class member : Component R51 10k
Add Class Member: Failed to add class member : Component R52 200R
Add Class Member: Failed to add class member : Component R53 10k
Add Class Member: Failed to add class member : Component R54 200R
Add Class Member: Failed to add class member : Component R55 1.5M
Add Class Member: Failed to add class member : Component R56 1.5M
Add Class Member: Failed to add class member : Component R57 1.5M
Add Class Member: Failed to add class member : Component R58 1.5M
Add Class Member: Failed to add class member : Component R59 1.5M
Add Class Member: Failed to add class member : Component R60 10k
Add Class Member: Failed to add class member : Component R61 25k
Add Class Member: Failed to add class member : Component R62 10k
Add Class Member: Failed to add class member : Component R63 1.5M
Add Class Member: Failed to add class member : Component R64 200R
Add Class Member: Failed to add class member : Component R65 200R
Add Class Member: Failed to add class member : Component R66 10R
Add Class Member: Failed to add class member : Component R67 3.3kR/0.1%
Add Class Member: Failed to add class member : Component R68 2.21k
Add Class Member: Failed to add class member : Component R69 10R
Add Class Member: Failed to add class member : Component R70 3.3kR/0.1%
Add Class Member: Failed to add class member : Component R71 200R
Add Class Member: Failed to add class member : Component R72 200R
Add Class Member: Failed to add class member : Component R73 25k
Add Class Member: Failed to add class member : Component R74 200R
Add Class Member: Failed to add class member : Component R75 200R
Add Class Member: Failed to add class member : Component R76 200R
Added Member To Class: ClassName=U_MOSFET_Driver1 Member=Component R_U_MOSFET_Driver1 (R) 10k
Added Member To Class: ClassName=U_MOSFET_Driver1 Member=Component R_U_MOSFET_Driver1 (R) 10k
Added Member To Class: ClassName=U_MOSFET_Driver1 Member=Component R_U_MOSFET_Driver1 (R) 10k
Added Member To Class: ClassName=U_MOSFET_Driver1 Member=Component R_U_MOSFET_Driver1 (R) 10k
Added Member To Class: ClassName=U_MOSFET_Driver1 Member=Component R_U_MOSFET_Driver1 (R) 10k
Added Member To Class: ClassName=U_MOSFET_Driver2 Member=Component R_U_MOSFET_Driver2 (R) 10k
Added Member To Class: ClassName=U_MOSFET_Driver2 Member=Component R_U_MOSFET_Driver2 (R) 10k
Added Member To Class: ClassName=U_MOSFET_Driver2 Member=Component R_U_MOSFET_Driver2 (R) 10k
Added Member To Class: ClassName=U_MOSFET_Driver2 Member=Component R_U_MOSFET_Driver2 (R) 10k
Added Member To Class: ClassName=U_MOSFET_Driver2 Member=Component R_U_MOSFET_Driver2 (R) 10k
Added Member To Class: ClassName=U_MOSFET_Driver3 Member=Component R_U_MOSFET_Driver3 (R) 10k
Added Member To Class: ClassName=U_MOSFET_Driver3 Member=Component R_U_MOSFET_Driver3 (R) 10k
Added Member To Class: ClassName=U_MOSFET_Driver3 Member=Component R_U_MOSFET_Driver3 (R) 10k
Added Member To Class: ClassName=U_MOSFET_Driver3 Member=Component R_U_MOSFET_Driver3 (R) 10k
Added Member To Class: ClassName=U_MOSFET_Driver3 Member=Component R_U_MOSFET_Driver3 (R) 10k
Add Class Member: Failed to add class member : Component U5_18V TP_5261
Add Class Member: Failed to add class member : Component U5_-2V5 TP_5261
Add Class Member: Failed to add class member : Component U5_GND TP_5261
Add Class Member: Failed to add class member : Component U5_IN+ TP_5261
Add Class Member: Failed to add class member : Component U5_IN- TP_5261
Add Class Member: Failed to add class member : Component U5 1ED3320MC12NXUMA1
Add Class Member: Failed to add class member : Component U8 SN74LVC2G17DBVR
Add Class Member: Failed to add class member : Component U9_18V TP_5261
Add Class Member: Failed to add class member : Component U9_-2V5 TP_5261
Add Class Member: Failed to add class member : Component U9_GND TP_5261
Add Class Member: Failed to add class member : Component U9_IN+ TP_5261
Add Class Member: Failed to add class member : Component U9_IN- TP_5261
Add Class Member: Failed to add class member : Component U9OUT TP_5261
Add Class Member: Failed to add class member : Component U9 1ED3320MC12NXUMA1
Add Class Member: Failed to add class member : Component U10_IN+ TP_5261
Add Class Member: Failed to add class member : Component U10_IN- TP_5261
Add Class Member: Failed to add class member : Component U10_OUT+ TP_5261
Add Class Member: Failed to add class member : Component U10_OUT- TP_5261
Add Class Member: Failed to add class member : Component U10 AMC1300DWVR
Add Class Member: Failed to add class member : Component U11 LDO
Add Class Member: Failed to add class member : Component VCAP2 TP_5261
Add Class Member: Failed to add class member : Component Z6 10V
Add Class Member: Failed to add class member : Component Z8 10V
