Removed Pin From Net: NetName=GND Pin=C10-2
Removed Pin From Net: NetName=GND Pin=C15-2
Removed Pin From Net: NetName=GND Pin=C20-2
Removed Pin From Net: NetName=GND Pin=C25-2
Removed Pin From Net: NetName=+7V4 Pin=Q2-1
Removed Pin From Net: NetName=+7V4 Pin=Q2-2
Removed Pin From Net: NetName=+7V4 Pin=Q2-3
Removed Pin From Net: NetName=+7V4 Pin=Q4-1
Removed Pin From Net: NetName=+7V4 Pin=Q4-2
Removed Pin From Net: NetName=+7V4 Pin=Q4-3
Removed Pin From Net: NetName=+7V4 Pin=Q7-1
Removed Pin From Net: NetName=+7V4 Pin=Q7-2
Removed Pin From Net: NetName=+7V4 Pin=Q7-3
Removed Pin From Net: NetName=+7V4 Pin=Q8-1
Removed Pin From Net: NetName=+7V4 Pin=Q8-2
Removed Pin From Net: NetName=+7V4 Pin=Q8-3
Removed Pin From Net: NetName=+7V4 Pin=Q10-1
Removed Pin From Net: NetName=+7V4 Pin=Q10-2
Removed Pin From Net: NetName=+7V4 Pin=Q10-3
Removed Pin From Net: NetName=+7V4 Pin=Q13-1
Removed Pin From Net: NetName=+7V4 Pin=Q13-2
Removed Pin From Net: NetName=+7V4 Pin=Q13-3
Removed Pin From Net: NetName=+7V4 Pin=Q14-1
Removed Pin From Net: NetName=+7V4 Pin=Q14-2
Removed Pin From Net: NetName=+7V4 Pin=Q14-3
Removed Pin From Net: NetName=+7V4 Pin=Q16-1
Removed Pin From Net: NetName=+7V4 Pin=Q16-2
Removed Pin From Net: NetName=+7V4 Pin=Q16-3
Removed Pin From Net: NetName=+7V4 Pin=Q19-1
Removed Pin From Net: NetName=+7V4 Pin=Q19-2
Removed Pin From Net: NetName=+7V4 Pin=Q19-3
Removed Pin From Net: NetName=+7V4 Pin=Q20-1
Removed Pin From Net: NetName=+7V4 Pin=Q20-2
Removed Pin From Net: NetName=+7V4 Pin=Q20-3
Removed Pin From Net: NetName=+7V4 Pin=Q22-1
Removed Pin From Net: NetName=+7V4 Pin=Q22-2
Removed Pin From Net: NetName=+7V4 Pin=Q22-3
Removed Pin From Net: NetName=+7V4 Pin=Q25-1
Removed Pin From Net: NetName=+7V4 Pin=Q25-2
Removed Pin From Net: NetName=+7V4 Pin=Q25-3
Removed Pin From Net: NetName=+3V3 Pin=R20-1
Removed Pin From Net: NetName=GND Pin=R21-1
Removed Pin From Net: NetName=GND Pin=R22-1
Removed Pin From Net: NetName=GND Pin=R25-1
Removed Pin From Net: NetName=+3V3 Pin=R26-1
Removed Pin From Net: NetName=GND Pin=R27-1
Removed Pin From Net: NetName=GND Pin=R28-1
Removed Pin From Net: NetName=GND Pin=R31-1
Removed Pin From Net: NetName=+3V3 Pin=R32-1
Removed Pin From Net: NetName=GND Pin=R33-1
Removed Pin From Net: NetName=GND Pin=R34-1
Removed Pin From Net: NetName=GND Pin=R37-1
Removed Pin From Net: NetName=+3V3 Pin=R38-1
Removed Pin From Net: NetName=GND Pin=R39-1
Removed Pin From Net: NetName=GND Pin=R40-1
Removed Pin From Net: NetName=GND Pin=R43-1
Removed Pin From Net: NetName=+3V3 Pin=U1-1
Removed Pin From Net: NetName=NetQ28_12 Pin=U1-2
Removed Pin From Net: NetName=GND Pin=U1-4
Removed Pin From Net: NetName=+7V4 Pin=U1-5
Removed Pin From Net: NetName=GND Pin=U1-23
Removed Pin From Net: NetName=NetC68_2 Pin=U1-24
Removed Pin From Net: NetName=GND Pin=U1-25
Removed Pin From Net: NetName=GND Pin=U1-37
Removed Pin From Net: NetName=+3V3 Pin=U2-1
Removed Pin From Net: NetName=NetQ27_12 Pin=U2-2
Removed Pin From Net: NetName=GND Pin=U2-4
Removed Pin From Net: NetName=+7V4 Pin=U2-5
Removed Pin From Net: NetName=GND Pin=U2-23
Removed Pin From Net: NetName=NetC60_2 Pin=U2-24
Removed Pin From Net: NetName=GND Pin=U2-25
Removed Pin From Net: NetName=GND Pin=U2-37
Removed Pin From Net: NetName=+3V3 Pin=U3-1
Removed Pin From Net: NetName=NetQ26_12 Pin=U3-2
Removed Pin From Net: NetName=GND Pin=U3-4
Removed Pin From Net: NetName=+7V4 Pin=U3-5
Removed Pin From Net: NetName=GND Pin=U3-23
Removed Pin From Net: NetName=NetC52_2 Pin=U3-24
Removed Pin From Net: NetName=GND Pin=U3-25
Removed Pin From Net: NetName=GND Pin=U3-37
Removed Pin From Net: NetName=+3V3 Pin=U4-1
Removed Pin From Net: NetName=NetQ1_12 Pin=U4-2
Removed Pin From Net: NetName=GND Pin=U4-4
Removed Pin From Net: NetName=+7V4 Pin=U4-5
Removed Pin From Net: NetName=GND Pin=U4-23
Removed Pin From Net: NetName=NetC4_2 Pin=U4-24
Removed Pin From Net: NetName=GND Pin=U4-25
Removed Pin From Net: NetName=GND Pin=U4-37
Added Pin To Net: NetName=NetR2_2 Pin=R2-2
Added Net: Name=NetR2_2
Added Pin To Net: NetName=NetR3_2 Pin=R3-2
Added Net: Name=NetR3_2
Added Pin To Net: NetName=NetR4_2 Pin=R4-2
Added Net: Name=NetR4_2
Added Pin To Net: NetName=NetR53_2 Pin=R53-2
Added Net: Name=NetR53_2
Added Pin To Net: NetName=NetR54_2 Pin=R54-2
Added Net: Name=NetR54_2
Added Pin To Net: NetName=NetR55_2 Pin=R55-2
Added Net: Name=NetR55_2
Added Pin To Net: NetName=NetR72_2 Pin=R72-2
Added Net: Name=NetR72_2
Added Pin To Net: NetName=NetR73_2 Pin=R73-2
Added Net: Name=NetR73_2
Added Pin To Net: NetName=NetR74_2 Pin=R74-2
Added Net: Name=NetR74_2
Added Pin To Net: NetName=NetR91_2 Pin=R91-2
Added Net: Name=NetR91_2
Added Pin To Net: NetName=NetR92_2 Pin=R92-2
Added Net: Name=NetR92_2
Added Pin To Net: NetName=NetR93_2 Pin=R93-2
Added Net: Name=NetR93_2
Added Pin To Net: NetName=NetU7_2 Pin=U7-2
Added Net: Name=NetU7_2
Added Pin To Net: NetName=NetU7_3 Pin=U7-3
Added Net: Name=NetU7_3
Added Pin To Net: NetName=NetU7_4 Pin=U7-4
Added Net: Name=NetU7_4
Added Pin To Net: NetName=NetU7_30 Pin=U7-30
Added Net: Name=NetU7_30
Added Pin To Net: NetName=NetU7_33 Pin=U7-33
Added Net: Name=NetU7_33
Added Pin To Net: NetName=NetU7_34 Pin=U7-34
Added Net: Name=NetU7_34
Added Pin To Net: NetName=NetU7_35 Pin=U7-35
Added Net: Name=NetU7_35
Added Pin To Net: NetName=NetU7_36 Pin=U7-36
Added Net: Name=NetU7_36
Added Pin To Net: NetName=NetU7_37 Pin=U7-37
Added Net: Name=NetU7_37
Added Pin To Net: NetName=NetU7_38 Pin=U7-38
Added Net: Name=NetU7_38
Added Pin To Net: NetName=NetU7_40 Pin=U7-40
Added Net: Name=NetU7_40
Added Pin To Net: NetName=NetU7_41 Pin=U7-41
Added Net: Name=NetU7_41
Added Pin To Net: NetName=NetU7_42 Pin=U7-42
Added Net: Name=NetU7_42
Added Pin To Net: NetName=NetU7_43 Pin=U7-43
Added Net: Name=NetU7_43
Added Pin To Net: NetName=NetU7_44 Pin=U7-44
Added Net: Name=NetU7_44
Added Pin To Net: NetName=NetU7_45 Pin=U7-45
Added Net: Name=NetU7_45
Added Pin To Net: NetName=NetU7_50 Pin=U7-50
Added Net: Name=NetU7_50
Added Pin To Net: NetName=NetU7_51 Pin=U7-51
Added Net: Name=NetU7_51
Added Pin To Net: NetName=NetU7_52 Pin=U7-52
Added Net: Name=NetU7_52
Added Pin To Net: NetName=NetU7_53 Pin=U7-53
Added Net: Name=NetU7_53
Added Pin To Net: NetName=NetU7_54 Pin=U7-54
Added Net: Name=NetU7_54
Added Pin To Net: NetName=NetU7_56 Pin=U7-56
Added Net: Name=NetU7_56
Added Pin To Net: NetName=NetU7_57 Pin=U7-57
Added Net: Name=NetU7_57
Added Pin To Net: NetName=NetU7_58 Pin=U7-58
Added Net: Name=NetU7_58
Added Pin To Net: NetName=NetU7_59 Pin=U7-59
Added Net: Name=NetU7_59
Added Pin To Net: NetName=NetU7_61 Pin=U7-61
Added Net: Name=NetU7_61
Added Pin To Net: NetName=NetU7_62 Pin=U7-62
Added Net: Name=NetU7_62
Added Member To Class: ClassName=Main Member=Component S4 Solder Pad
Added Member To Class: ClassName=Main Member=Component S8 Solder Pad
