Removed Pin From Net: NetName=GND Pin=C14-2
Removed Pin From Net: NetName=GND Pin=C15-2
Removed Pin From Net: NetName=GND Pin=C23_U_MOSFET_Driver1-2
Removed Pin From Net: NetName=GND Pin=C23_U_MOSFET_Driver2-2
Removed Pin From Net: NetName=GND Pin=C23_U_MOSFET_Driver3-2
Removed Pin From Net: NetName=GND Pin=C23_U_MOSFET_Driver4-2
Removed Pin From Net: NetName=+7V4 Pin=Q1_U_MOSFET_Driver1-1
Removed Pin From Net: NetName=+7V4 Pin=Q1_U_MOSFET_Driver1-2
Removed Pin From Net: NetName=+7V4 Pin=Q1_U_MOSFET_Driver1-3
Removed Pin From Net: NetName=+7V4 Pin=Q1_U_MOSFET_Driver2-1
Removed Pin From Net: NetName=+7V4 Pin=Q1_U_MOSFET_Driver2-2
Removed Pin From Net: NetName=+7V4 Pin=Q1_U_MOSFET_Driver2-3
Removed Pin From Net: NetName=+7V4 Pin=Q1_U_MOSFET_Driver3-1
Removed Pin From Net: NetName=+7V4 Pin=Q1_U_MOSFET_Driver3-2
Removed Pin From Net: NetName=+7V4 Pin=Q1_U_MOSFET_Driver3-3
Removed Pin From Net: NetName=+7V4 Pin=Q1_U_MOSFET_Driver4-1
Removed Pin From Net: NetName=+7V4 Pin=Q1_U_MOSFET_Driver4-2
Removed Pin From Net: NetName=+7V4 Pin=Q1_U_MOSFET_Driver4-3
Removed Pin From Net: NetName=+7V4 Pin=Q3_U_MOSFET_Driver1-1
Removed Pin From Net: NetName=+7V4 Pin=Q3_U_MOSFET_Driver1-2
Removed Pin From Net: NetName=+7V4 Pin=Q3_U_MOSFET_Driver1-3
Removed Pin From Net: NetName=+7V4 Pin=Q3_U_MOSFET_Driver2-1
Removed Pin From Net: NetName=+7V4 Pin=Q3_U_MOSFET_Driver2-2
Removed Pin From Net: NetName=+7V4 Pin=Q3_U_MOSFET_Driver2-3
Removed Pin From Net: NetName=+7V4 Pin=Q3_U_MOSFET_Driver3-1
Removed Pin From Net: NetName=+7V4 Pin=Q3_U_MOSFET_Driver3-2
Removed Pin From Net: NetName=+7V4 Pin=Q3_U_MOSFET_Driver3-3
Removed Pin From Net: NetName=+7V4 Pin=Q3_U_MOSFET_Driver4-1
Removed Pin From Net: NetName=+7V4 Pin=Q3_U_MOSFET_Driver4-2
Removed Pin From Net: NetName=+7V4 Pin=Q3_U_MOSFET_Driver4-3
Removed Pin From Net: NetName=+7V4 Pin=Q6_U_MOSFET_Driver1-1
Removed Pin From Net: NetName=+7V4 Pin=Q6_U_MOSFET_Driver1-2
Removed Pin From Net: NetName=+7V4 Pin=Q6_U_MOSFET_Driver1-3
Removed Pin From Net: NetName=+7V4 Pin=Q6_U_MOSFET_Driver2-1
Removed Pin From Net: NetName=+7V4 Pin=Q6_U_MOSFET_Driver2-2
Removed Pin From Net: NetName=+7V4 Pin=Q6_U_MOSFET_Driver2-3
Removed Pin From Net: NetName=+7V4 Pin=Q6_U_MOSFET_Driver3-1
Removed Pin From Net: NetName=+7V4 Pin=Q6_U_MOSFET_Driver3-2
Removed Pin From Net: NetName=+7V4 Pin=Q6_U_MOSFET_Driver3-3
Removed Pin From Net: NetName=+7V4 Pin=Q6_U_MOSFET_Driver4-1
Removed Pin From Net: NetName=+7V4 Pin=Q6_U_MOSFET_Driver4-2
Removed Pin From Net: NetName=+7V4 Pin=Q6_U_MOSFET_Driver4-3
Removed Pin From Net: NetName=GND Pin=R5-1
Removed Pin From Net: NetName=+3V3 Pin=R11_U_MOSFET_Driver1-1
Removed Pin From Net: NetName=+3V3 Pin=R11_U_MOSFET_Driver2-1
Removed Pin From Net: NetName=+3V3 Pin=R11_U_MOSFET_Driver3-1
Removed Pin From Net: NetName=+3V3 Pin=R11_U_MOSFET_Driver4-1
Removed Pin From Net: NetName=GND Pin=R12_U_MOSFET_Driver1-1
Removed Pin From Net: NetName=GND Pin=R12_U_MOSFET_Driver2-1
Removed Pin From Net: NetName=GND Pin=R12_U_MOSFET_Driver3-1
Removed Pin From Net: NetName=GND Pin=R12_U_MOSFET_Driver4-1
Removed Pin From Net: NetName=GND Pin=R15_U_MOSFET_Driver1-1
Removed Pin From Net: NetName=GND Pin=R15_U_MOSFET_Driver2-1
Removed Pin From Net: NetName=GND Pin=R15_U_MOSFET_Driver3-1
Removed Pin From Net: NetName=GND Pin=R15_U_MOSFET_Driver4-1
Removed Pin From Net: NetName=+3V3 Pin=SW2-3
Removed Pin From Net: NetName=+3V3 Pin=SW2-4
Removed Pin From Net: NetName=BOOT1 Pin=SW3-1
Removed Pin From Net: NetName=BOOT0 Pin=SW3-2
Removed Pin From Net: NetName=+3V3 Pin=SW3-3
Removed Pin From Net: NetName=+3V3 Pin=SW3-4
Removed Pin From Net: NetName=+3V3 Pin=U1_U_MOSFET_Driver1-1
Removed Pin From Net: NetName=GND Pin=U1_U_MOSFET_Driver1-4
Removed Pin From Net: NetName=+7V4 Pin=U1_U_MOSFET_Driver1-5
Removed Pin From Net: NetName=GND Pin=U1_U_MOSFET_Driver1-25
Removed Pin From Net: NetName=GND Pin=U1_U_MOSFET_Driver1-37
Removed Pin From Net: NetName=+3V3 Pin=U1_U_MOSFET_Driver2-1
Removed Pin From Net: NetName=GND Pin=U1_U_MOSFET_Driver2-4
Removed Pin From Net: NetName=+7V4 Pin=U1_U_MOSFET_Driver2-5
Removed Pin From Net: NetName=GND Pin=U1_U_MOSFET_Driver2-25
Removed Pin From Net: NetName=GND Pin=U1_U_MOSFET_Driver2-37
Removed Pin From Net: NetName=+3V3 Pin=U1_U_MOSFET_Driver3-1
Removed Pin From Net: NetName=GND Pin=U1_U_MOSFET_Driver3-4
Removed Pin From Net: NetName=+7V4 Pin=U1_U_MOSFET_Driver3-5
Removed Pin From Net: NetName=GND Pin=U1_U_MOSFET_Driver3-25
Removed Pin From Net: NetName=GND Pin=U1_U_MOSFET_Driver3-37
Removed Pin From Net: NetName=+3V3 Pin=U1_U_MOSFET_Driver4-1
Removed Pin From Net: NetName=GND Pin=U1_U_MOSFET_Driver4-4
Removed Pin From Net: NetName=+7V4 Pin=U1_U_MOSFET_Driver4-5
Removed Pin From Net: NetName=GND Pin=U1_U_MOSFET_Driver4-25
Removed Pin From Net: NetName=GND Pin=U1_U_MOSFET_Driver4-37
Removed Member From Class: ClassName=U_STM32 Member=C14
Removed Member From Class: ClassName=U_STM32 Member=C15
Removed Member From Class: ClassName=U_STM32 Member=R5
Removed Member From Class: ClassName=U_STM32 Member=SW2
Removed Member From Class: ClassName=U_STM32 Member=SW3
Removed Member From Class: ClassName=U_STM32 Member=Y2
Change Footprint: Footprint Not Found AMASS_XT30PW-M
Change Footprint: Footprint Not Found DDC0006A
Change component parameters: Designator = "J1" ("J1"); Footprint = "CON Battery XT30PW-M"; UniqueID = "\PDLXRDQQ\ABDWOKMD" ("\PDLXRDQQ\ABDWOKMD")
Change component parameters (AddParameter): Name = "Check_prices"; Value = "https://www.snapeda.com/parts/XT30PW-M/AMASS/view-part/?ref=eda"; VariantName = "[No Variations]"
Change component parameters (AddParameter): Name = "MF"; Value = "AMASS"; VariantName = "[No Variations]"
Change component parameters (AddParameter): Name = "MP"; Value = "XT30PW-M"; VariantName = "[No Variations]"
Change component parameters (AddParameter): Name = "Package"; Value = "None"; VariantName = "[No Variations]"
Change component parameters (AddParameter): Name = "SnapEDA_Link"; Value = "https://www.snapeda.com/parts/XT30PW-M/AMASS/view-part/?ref=snap"; VariantName = "[No Variations]"
Change component parameters (AddParameter): Name = "Value"; Value = ""; VariantName = "[No Variations]"
Change component parameters: Designator = "U3" ("U3"); Footprint = "SOT-23-6 BUCK"; UniqueID = "\PDLXRDQQ\CMLYMBXT" ("\PDLXRDQQ\CMLYMBXT")
Change component parameters (AddParameter): Name = "Address1"; Value = "Not shown in title block"; VariantName = "[No Variations]"
Change component parameters (AddParameter): Name = "Address2"; Value = "Not shown in title block"; VariantName = "[No Variations]"
Change component parameters (AddParameter): Name = "Address3"; Value = "Not shown in title block"; VariantName = "[No Variations]"
Change component parameters (AddParameter): Name = "Address4"; Value = "Not shown in title block"; VariantName = "[No Variations]"
Change component parameters (AddParameter): Name = "Alternate_Manufacturer"; Value = "None"; VariantName = "[No Variations]"
Change component parameters (AddParameter): Name = "ApprovedBy"; Value = "Not shown in title block"; VariantName = "[No Variations]"
Change component parameters (AddParameter): Name = "Author"; Value = "Not shown in title block"; VariantName = "[No Variations]"
Change component parameters (AddParameter): Name = "CheckedBy"; Value = "Not shown in title block"; VariantName = "[No Variations]"
Change component parameters (AddParameter): Name = "CompanyName"; Value = "Not shown in title block"; VariantName = "[No Variations]"
Change component parameters (AddParameter): Name = "ComponentLink1Description"; Value = "Datasheet Link"; VariantName = "[No Variations]"
Change component parameters (AddParameter): Name = "ComponentLink1URL"; Value = "https://sps06.itg.ti.com/sites/KMS/crossdivteams/altium/docs/ComponentDatasheets/TPS56320xDDC_User's_Guide_v0p1_14_0203.pdf"; VariantName = "[No Variations]"
Change component parameters (AddParameter): Name = "CompType"; Value = "IC"; VariantName = "[No Variations]"
Change component parameters (AddParameter): Name = "Copyright"; Value = "Copyright (C) 2025 Ultra Librarian. All rights reserved."; VariantName = "[No Variations]"
Change component parameters (AddParameter): Name = "CurrentDate"; Value = "Not shown in title block"; VariantName = "[No Variations]"
Change component parameters (AddParameter): Name = "CurrentTime"; Value = "Not shown in title block"; VariantName = "[No Variations]"
Change component parameters (AddParameter): Name = "Date"; Value = "Not shown in title block"; VariantName = "[No Variations]"
Change component parameters (AddParameter): Name = "DocumentFullPathAndName"; Value = "Not shown in title block"; VariantName = "[No Variations]"
Change component parameters (AddParameter): Name = "DocumentName"; Value = "Not shown in title block"; VariantName = "[No Variations]"
Change component parameters (AddParameter): Name = "DocumentNumber"; Value = "1"; VariantName = "[No Variations]"
Change component parameters (AddParameter): Name = "Engineer"; Value = "Not shown in title block"; VariantName = "[No Variations]"
Change component parameters (AddParameter): Name = "ImagePath"; Value = "Not shown in title block"; VariantName = "[No Variations]"
Change component parameters (AddParameter): Name = "LatestRevisionDate"; Value = "2014-04-14"; VariantName = "[No Variations]"
Change component parameters (AddParameter): Name = "Manufacturer"; Value = "Texas Instruments"; VariantName = "[No Variations]"
Change component parameters (AddParameter): Name = "Manufacturer_Name"; Value = "Texas Instruments"; VariantName = "[No Variations]"
Change component parameters (AddParameter): Name = "Manufacturer_Part_Number"; Value = "TPS563209DDCR"; VariantName = "[No Variations]"
Change component parameters (AddParameter): Name = "ModifiedDate"; Value = "Not shown in title block"; VariantName = "[No Variations]"
Change component parameters (AddParameter): Name = "MountType"; Value = "SMT"; VariantName = "[No Variations]"
Change component parameters (AddParameter): Name = "Organization"; Value = "Not shown in title block"; VariantName = "[No Variations]"
Change component parameters (AddParameter): Name = "PackageReference"; Value = "DDC0006A"; VariantName = "[No Variations]"
Change component parameters (AddParameter): Name = "PartNumber"; Value = "TPS563209DDC"; VariantName = "[No Variations]"
Change component parameters (AddParameter): Name = "ProjectName"; Value = ""; VariantName = "[No Variations]"
Change component parameters (AddParameter): Name = "Publisher"; Value = "Texas Instruments"; VariantName = "[No Variations]"
Change component parameters (AddParameter): Name = "Refdes"; Value = "Refdes"; VariantName = "[No Variations]"
Change component parameters (AddParameter): Name = "Revision"; Value = "Use project parameter SCH_Rev"; VariantName = "[No Variations]"
Change component parameters (AddParameter): Name = "RoHS"; Value = "Y"; VariantName = "[No Variations]"
Change component parameters (AddParameter): Name = "Rule"; Value = ""; VariantName = "[No Variations]"
Change component parameters (AddParameter): Name = "SheetNumber"; Value = "1"; VariantName = "[No Variations]"
Change component parameters (AddParameter): Name = "SheetTotal"; Value = "1"; VariantName = "[No Variations]"
Change component parameters (AddParameter): Name = "SymbolCreator"; Value = "a0411947"; VariantName = "[No Variations]"
Change component parameters (AddParameter): Name = "SymbolVersion"; Value = "2014-04-11"; VariantName = "[No Variations]"
Change component parameters (AddParameter): Name = "Time"; Value = "Not shown in title block"; VariantName = "[No Variations]"
Change component parameters (AddParameter): Name = "Type"; Value = "Type"; VariantName = "[No Variations]"
Change component parameters (AddParameter): Name = "U/M"; Value = "EA"; VariantName = "[No Variations]"
Added Component: Designator=J?(CONN-50mil-10POS-SMD)
Add component (AddParameter): Name = "Design Item ID"; Value = "conn_0.050"_cortexM"; VariantName = "[No Variations]"
Add component (AddParameter): Name = "Source"; Value = "CONN-50mil-cortexM.SchLib"; VariantName = "[No Variations]"
Added Component: Designator=J?(CONN-50mil-10POS-SMD)
Add component (AddParameter): Name = "Design Item ID"; Value = "conn_0.050"_cortexM"; VariantName = "[No Variations]"
Add component (AddParameter): Name = "Source"; Value = "CONN-50mil-cortexM.SchLib"; VariantName = "[No Variations]"
Added Component: Designator=S1(SW_DS04-254-2-02BK-SMT)
Add component (AddParameter): Name = "Check_prices"; Value = "https://www.snapeda.com/parts/DS04-254-2-02BK-SMT/Same+Sky/view-part/?ref=eda"; VariantName = "[No Variations]"
Add component (AddParameter): Name = "MF"; Value = "Same Sky"; VariantName = "[No Variations]"
Add component (AddParameter): Name = "MP"; Value = "DS04-254-2-02BK-SMT"; VariantName = "[No Variations]"
Add component (AddParameter): Name = "Package"; Value = "None"; VariantName = "[No Variations]"
Add component (AddParameter): Name = "SnapEDA_Link"; Value = "https://www.snapeda.com/parts/DS04-254-2-02BK-SMT/Same+Sky/view-part/?ref=snap"; VariantName = "[No Variations]"
Add component (AddParameter): Name = "Value"; Value = ""; VariantName = "[No Variations]"
Added Pin To Net: NetName=GND Pin=J?-3
Added Pin To Net: NetName=GND Pin=J?-3
Added Pin To Net: NetName=GND Pin=J?-5
Added Pin To Net: NetName=GND Pin=J?-5
Added Pin To Net: NetName=GND Pin=J?-9
Added Pin To Net: NetName=GND Pin=J?-9
Added Pin To Net: NetName=BOOT1 Pin=S1-1A
Added Pin To Net: NetName=+3V3 Pin=S1-1B
Added Pin To Net: NetName=BOOT0 Pin=S1-2A
Added Pin To Net: NetName=+3V3 Pin=S1-2B
Added Pin To Net: NetName=3V3 Pin=J?-1
Added Pin To Net: NetName=3V3 Pin=J?-1
Added Net: Name=3V3
Added Pin To Net: NetName=JTDI Pin=J?-8
Added Net: Name=JTDI
Added Pin To Net: NetName=JTDO Pin=J?-6
Added Net: Name=JTDO
Added Pin To Net: NetName=NetU2_2 Pin=U2-2
Added Net: Name=NetU2_2
Added Pin To Net: NetName=NetU2_3 Pin=U2-3
Added Net: Name=NetU2_3
Added Pin To Net: NetName=NetU2_4 Pin=U2-4
Added Net: Name=NetU2_4
Added Pin To Net: NetName=NetU2_8 Pin=U2-8
Added Net: Name=NetU2_8
Added Pin To Net: NetName=NetU2_9 Pin=U2-9
Added Net: Name=NetU2_9
Added Pin To Net: NetName=NetU2_10 Pin=U2-10
Added Net: Name=NetU2_10
Added Pin To Net: NetName=NetU2_11 Pin=U2-11
Added Net: Name=NetU2_11
Added Pin To Net: NetName=NetU2_14 Pin=U2-14
Added Net: Name=NetU2_14
Added Pin To Net: NetName=NetU2_15 Pin=U2-15
Added Net: Name=NetU2_15
Added Pin To Net: NetName=NetU2_16 Pin=U2-16
Added Net: Name=NetU2_16
Added Pin To Net: NetName=NetU2_17 Pin=U2-17
Added Net: Name=NetU2_17
Added Pin To Net: NetName=NetU2_20 Pin=U2-20
Added Net: Name=NetU2_20
Added Pin To Net: NetName=NetU2_21 Pin=U2-21
Added Net: Name=NetU2_21
Added Pin To Net: NetName=NetU2_22 Pin=U2-22
Added Net: Name=NetU2_22
Added Pin To Net: NetName=NetU2_23 Pin=U2-23
Added Net: Name=NetU2_23
Added Pin To Net: NetName=NetU2_24 Pin=U2-24
Added Net: Name=NetU2_24
Added Pin To Net: NetName=NetU2_25 Pin=U2-25
Added Net: Name=NetU2_25
Added Pin To Net: NetName=NetU2_26 Pin=U2-26
Added Net: Name=NetU2_26
Added Pin To Net: NetName=NetU2_27 Pin=U2-27
Added Net: Name=NetU2_27
Added Pin To Net: NetName=NetU2_30 Pin=U2-30
Added Net: Name=NetU2_30
Added Pin To Net: NetName=NetU2_33 Pin=U2-33
Added Net: Name=NetU2_33
Added Pin To Net: NetName=NetU2_34 Pin=U2-34
Added Net: Name=NetU2_34
Added Pin To Net: NetName=NetU2_35 Pin=U2-35
Added Net: Name=NetU2_35
Added Pin To Net: NetName=NetU2_36 Pin=U2-36
Added Net: Name=NetU2_36
Added Pin To Net: NetName=NetU2_37 Pin=U2-37
Added Net: Name=NetU2_37
Added Pin To Net: NetName=NetU2_38 Pin=U2-38
Added Net: Name=NetU2_38
Added Pin To Net: NetName=NetU2_40 Pin=U2-40
Added Net: Name=NetU2_40
Added Pin To Net: NetName=NetU2_41 Pin=U2-41
Added Net: Name=NetU2_41
Added Pin To Net: NetName=NetU2_42 Pin=U2-42
Added Net: Name=NetU2_42
Added Pin To Net: NetName=NetU2_43 Pin=U2-43
Added Net: Name=NetU2_43
Added Pin To Net: NetName=NetU2_44 Pin=U2-44
Added Net: Name=NetU2_44
Added Pin To Net: NetName=NetU2_45 Pin=U2-45
Added Net: Name=NetU2_45
Added Pin To Net: NetName=NetU2_50 Pin=U2-50
Added Net: Name=NetU2_50
Added Pin To Net: NetName=NetU2_51 Pin=U2-51
Added Net: Name=NetU2_51
Added Pin To Net: NetName=NetU2_52 Pin=U2-52
Added Net: Name=NetU2_52
Added Pin To Net: NetName=NetU2_53 Pin=U2-53
Added Net: Name=NetU2_53
Added Pin To Net: NetName=NetU2_54 Pin=U2-54
Added Net: Name=NetU2_54
Added Pin To Net: NetName=NetU2_56 Pin=U2-56
Added Net: Name=NetU2_56
Added Pin To Net: NetName=NetU2_57 Pin=U2-57
Added Net: Name=NetU2_57
Added Pin To Net: NetName=NetU2_58 Pin=U2-58
Added Net: Name=NetU2_58
Added Pin To Net: NetName=NetU2_59 Pin=U2-59
Added Net: Name=NetU2_59
Added Pin To Net: NetName=NetU2_61 Pin=U2-61
Added Net: Name=NetU2_61
Added Pin To Net: NetName=NetU2_62 Pin=U2-62
Added Net: Name=NetU2_62
Added Pin To Net: NetName=PB10_Debug_LED Pin=D1-2
Added Pin To Net: NetName=PB10_Debug_LED Pin=U2-29
Added Net: Name=PB10_Debug_LED
Added Pin To Net: NetName=PRGM_SWCLK Pin=U2-49
Added Net: Name=PRGM_SWCLK
Added Pin To Net: NetName=PRGM_SWIO Pin=U2-46
Added Net: Name=PRGM_SWIO
Added Pin To Net: NetName=PRGM_SWO Pin=U2-55
Added Net: Name=PRGM_SWO
Added Pin To Net: NetName=PWM1 Pin=J?-2
Added Net: Name=PWM1
Added Pin To Net: NetName=PWM2 Pin=J?-4
Added Net: Name=PWM2
Added Pin To Net: NetName=PWM3 Pin=J?-6
Added Net: Name=PWM3
Added Pin To Net: NetName=PWM4 Pin=J?-8
Added Net: Name=PWM4
Added Pin To Net: NetName=R\E\S\E\T\ Pin=J?-10
Added Net: Name=R\E\S\E\T\
Added Pin To Net: NetName=SWCLK Pin=J?-4
Added Net: Name=SWCLK
Added Pin To Net: NetName=SWDIO Pin=J?-2
Added Net: Name=SWDIO
Added Class: Name=Main
Added Member To Class: ClassName=U_STM32 Member=Component S1 DS04-254-2-02BK-SMT
Added Rule: Name=Schematic Supply Nets_3
