Change Component Physical Designator: Old Designator=C1 New Designator=C36
Change Component Physical Designator: Old Designator=C2 New Designator=C37
Change Component Physical Designator: Old Designator=C3 New Designator=C38
Change Component Physical Designator: Old Designator=C4 New Designator=C39
Change Component Physical Designator: Old Designator=C5 New Designator=C40
Change Component Physical Designator: Old Designator=C6 New Designator=C41
Change Component Physical Designator: Old Designator=C7 New Designator=C42
Change Component Physical Designator: Old Designator=C8 New Designator=C43
Change Component Physical Designator: Old Designator=C9 New Designator=C44
Change Component Physical Designator: Old Designator=C10 New Designator=C45
Change Component Physical Designator: Old Designator=C11 New Designator=C46
Change Component Physical Designator: Old Designator=C12 New Designator=C47
Change Component Physical Designator: Old Designator=C13 New Designator=C48
Change Component Physical Designator: Old Designator=C14 New Designator=C29
Change Component Physical Designator: Old Designator=C15 New Designator=C30
Change Component Physical Designator: Old Designator=C16 New Designator=C31
Change Component Physical Designator: Old Designator=C17 New Designator=C32
Change Component Physical Designator: Old Designator=C18 New Designator=C33
Change Component Physical Designator: Old Designator=C19 New Designator=C34
Change Component Physical Designator: Old Designator=C20 New Designator=C35
Change Component Physical Designator: Old Designator=CA New Designator=C9
Change Component Physical Designator: Old Designator=CA New Designator=C10
Change Component Physical Designator: Old Designator=CA New Designator=C11
Change Component Physical Designator: Old Designator=CA New Designator=C12
Change Component Physical Designator: Old Designator=CA New Designator=C13
Change Component Physical Designator: Old Designator=CA New Designator=C65
Change Component Physical Designator: Old Designator=CA New Designator=C66
Change Component Physical Designator: Old Designator=CA New Designator=C67
Change Component Physical Designator: Old Designator=CA New Designator=C68
Change Component Physical Designator: Old Designator=CA New Designator=C69
Change Component Physical Designator: Old Designator=CA New Designator=C70
Change Component Physical Designator: Old Designator=CA New Designator=C71
Change Component Physical Designator: Old Designator=CA New Designator=C72
Change Component Physical Designator: Old Designator=CB New Designator=C14
Change Component Physical Designator: Old Designator=CB New Designator=C15
Change Component Physical Designator: Old Designator=CB New Designator=C16
Change Component Physical Designator: Old Designator=CB New Designator=C17
Change Component Physical Designator: Old Designator=CB New Designator=C18
Change Component Physical Designator: Old Designator=CB New Designator=C57
Change Component Physical Designator: Old Designator=CB New Designator=C58
Change Component Physical Designator: Old Designator=CB New Designator=C59
Change Component Physical Designator: Old Designator=CB New Designator=C60
Change Component Physical Designator: Old Designator=CB New Designator=C61
Change Component Physical Designator: Old Designator=CB New Designator=C62
Change Component Physical Designator: Old Designator=CB New Designator=C63
Change Component Physical Designator: Old Designator=CB New Designator=C64
Change Component Physical Designator: Old Designator=CC New Designator=C19
Change Component Physical Designator: Old Designator=CC New Designator=C20
Change Component Physical Designator: Old Designator=CC New Designator=C21
Change Component Physical Designator: Old Designator=CC New Designator=C22
Change Component Physical Designator: Old Designator=CC New Designator=C23
Change Component Physical Designator: Old Designator=CC New Designator=C49
Change Component Physical Designator: Old Designator=CC New Designator=C50
Change Component Physical Designator: Old Designator=CC New Designator=C51
Change Component Physical Designator: Old Designator=CC New Designator=C52
Change Component Physical Designator: Old Designator=CC New Designator=C53
Change Component Physical Designator: Old Designator=CC New Designator=C54
Change Component Physical Designator: Old Designator=CC New Designator=C55
Change Component Physical Designator: Old Designator=CC New Designator=C56
Change Component Physical Designator: Old Designator=CD New Designator=C1
Change Component Physical Designator: Old Designator=CD New Designator=C2
Change Component Physical Designator: Old Designator=CD New Designator=C3
Change Component Physical Designator: Old Designator=CD New Designator=C4
Change Component Physical Designator: Old Designator=CD New Designator=C5
Change Component Physical Designator: Old Designator=CD New Designator=C6
Change Component Physical Designator: Old Designator=CD New Designator=C7
Change Component Physical Designator: Old Designator=CD New Designator=C8
Change Component Physical Designator: Old Designator=CD New Designator=C24
Change Component Physical Designator: Old Designator=CD New Designator=C25
Change Component Physical Designator: Old Designator=CD New Designator=C26
Change Component Physical Designator: Old Designator=CD New Designator=C27
Change Component Physical Designator: Old Designator=CD New Designator=C28
Change Component Physical Designator: Old Designator=D1 New Designator=D3
Change Component Physical Designator: Old Designator=D2 New Designator=D1
Change Component Physical Designator: Old Designator=D3 New Designator=D2
Change Component Physical Designator: Old Designator=J2 New Designator=J3
Change Component Physical Designator: Old Designator=J3 New Designator=J2
Change Component Physical Designator: Old Designator=QA New Designator=Q2
Change Component Physical Designator: Old Designator=QA New Designator=Q3
Change Component Physical Designator: Old Designator=QA New Designator=Q4
Change Component Physical Designator: Old Designator=QA New Designator=Q5
Change Component Physical Designator: Old Designator=QA New Designator=Q6
Change Component Physical Designator: Old Designator=QA New Designator=Q7
Change Component Physical Designator: Old Designator=QA New Designator=Q28
Change Component Physical Designator: Old Designator=QB New Designator=Q8
Change Component Physical Designator: Old Designator=QB New Designator=Q9
Change Component Physical Designator: Old Designator=QB New Designator=Q10
Change Component Physical Designator: Old Designator=QB New Designator=Q11
Change Component Physical Designator: Old Designator=QB New Designator=Q12
Change Component Physical Designator: Old Designator=QB New Designator=Q13
Change Component Physical Designator: Old Designator=QB New Designator=Q27
Change Component Physical Designator: Old Designator=QC New Designator=Q14
Change Component Physical Designator: Old Designator=QC New Designator=Q15
Change Component Physical Designator: Old Designator=QC New Designator=Q16
Change Component Physical Designator: Old Designator=QC New Designator=Q17
Change Component Physical Designator: Old Designator=QC New Designator=Q18
Change Component Physical Designator: Old Designator=QC New Designator=Q19
Change Component Physical Designator: Old Designator=QC New Designator=Q26
Change Component Physical Designator: Old Designator=QD New Designator=Q1
Change Component Physical Designator: Old Designator=QD New Designator=Q20
Change Component Physical Designator: Old Designator=QD New Designator=Q21
Change Component Physical Designator: Old Designator=QD New Designator=Q22
Change Component Physical Designator: Old Designator=QD New Designator=Q23
Change Component Physical Designator: Old Designator=QD New Designator=Q24
Change Component Physical Designator: Old Designator=QD New Designator=Q25
Change Component Physical Designator: Old Designator=R1 New Designator=R48
Change Component Physical Designator: Old Designator=R2 New Designator=R49
Change Component Physical Designator: Old Designator=R3 New Designator=R50
Change Component Physical Designator: Old Designator=R4 New Designator=R51
Change Component Physical Designator: Old Designator=R5 New Designator=R44
Change Component Physical Designator: Old Designator=R6 New Designator=R45
Change Component Physical Designator: Old Designator=R7 New Designator=R46
Change Component Physical Designator: Old Designator=R8 New Designator=R47
Change Component Physical Designator: Old Designator=RA New Designator=R20
Change Component Physical Designator: Old Designator=RA New Designator=R21
Change Component Physical Designator: Old Designator=RA New Designator=R22
Change Component Physical Designator: Old Designator=RA New Designator=R23
Change Component Physical Designator: Old Designator=RA New Designator=R24
Change Component Physical Designator: Old Designator=RA New Designator=R25
Change Component Physical Designator: Old Designator=RA New Designator=R90
Change Component Physical Designator: Old Designator=RA New Designator=R91
Change Component Physical Designator: Old Designator=RA New Designator=R92
Change Component Physical Designator: Old Designator=RA New Designator=R93
Change Component Physical Designator: Old Designator=RA New Designator=R94
Change Component Physical Designator: Old Designator=RA New Designator=R95
Change Component Physical Designator: Old Designator=RA New Designator=R96
Change Component Physical Designator: Old Designator=RA New Designator=R97
Change Component Physical Designator: Old Designator=RA New Designator=R98
Change Component Physical Designator: Old Designator=RA New Designator=R99
Change Component Physical Designator: Old Designator=RA New Designator=R100
Change Component Physical Designator: Old Designator=RA New Designator=R101
Change Component Physical Designator: Old Designator=RA New Designator=R102
Change Component Physical Designator: Old Designator=RA New Designator=R103
Change Component Physical Designator: Old Designator=RA New Designator=R104
Change Component Physical Designator: Old Designator=RA New Designator=R105
Change Component Physical Designator: Old Designator=RA New Designator=R106
Change Component Physical Designator: Old Designator=RA New Designator=R107
Change Component Physical Designator: Old Designator=RA New Designator=R108
Change Component Physical Designator: Old Designator=RB New Designator=R26
Change Component Physical Designator: Old Designator=RB New Designator=R27
Change Component Physical Designator: Old Designator=RB New Designator=R28
Change Component Physical Designator: Old Designator=RB New Designator=R29
Change Component Physical Designator: Old Designator=RB New Designator=R30
Change Component Physical Designator: Old Designator=RB New Designator=R31
Change Component Physical Designator: Old Designator=RB New Designator=R71
Change Component Physical Designator: Old Designator=RB New Designator=R72
Change Component Physical Designator: Old Designator=RB New Designator=R73
Change Component Physical Designator: Old Designator=RB New Designator=R74
Change Component Physical Designator: Old Designator=RB New Designator=R75
Change Component Physical Designator: Old Designator=RB New Designator=R76
Change Component Physical Designator: Old Designator=RB New Designator=R77
Change Component Physical Designator: Old Designator=RB New Designator=R78
Change Component Physical Designator: Old Designator=RB New Designator=R79
Change Component Physical Designator: Old Designator=RB New Designator=R80
Change Component Physical Designator: Old Designator=RB New Designator=R81
Change Component Physical Designator: Old Designator=RB New Designator=R82
Change Component Physical Designator: Old Designator=RB New Designator=R83
Change Component Physical Designator: Old Designator=RB New Designator=R84
Change Component Physical Designator: Old Designator=RB New Designator=R85
Change Component Physical Designator: Old Designator=RB New Designator=R86
Change Component Physical Designator: Old Designator=RB New Designator=R87
Change Component Physical Designator: Old Designator=RB New Designator=R88
Change Component Physical Designator: Old Designator=RB New Designator=R89
Change Component Physical Designator: Old Designator=RC New Designator=R32
Change Component Physical Designator: Old Designator=RC New Designator=R33
Change Component Physical Designator: Old Designator=RC New Designator=R34
Change Component Physical Designator: Old Designator=RC New Designator=R35
Change Component Physical Designator: Old Designator=RC New Designator=R36
Change Component Physical Designator: Old Designator=RC New Designator=R37
Change Component Physical Designator: Old Designator=RC New Designator=R52
Change Component Physical Designator: Old Designator=RC New Designator=R53
Change Component Physical Designator: Old Designator=RC New Designator=R54
Change Component Physical Designator: Old Designator=RC New Designator=R55
Change Component Physical Designator: Old Designator=RC New Designator=R56
Change Component Physical Designator: Old Designator=RC New Designator=R57
Change Component Physical Designator: Old Designator=RC New Designator=R58
Change Component Physical Designator: Old Designator=RC New Designator=R59
Change Component Physical Designator: Old Designator=RC New Designator=R60
Change Component Physical Designator: Old Designator=RC New Designator=R61
Change Component Physical Designator: Old Designator=RC New Designator=R62
Change Component Physical Designator: Old Designator=RC New Designator=R63
Change Component Physical Designator: Old Designator=RC New Designator=R64
Change Component Physical Designator: Old Designator=RC New Designator=R65
Change Component Physical Designator: Old Designator=RC New Designator=R66
Change Component Physical Designator: Old Designator=RC New Designator=R67
Change Component Physical Designator: Old Designator=RC New Designator=R68
Change Component Physical Designator: Old Designator=RC New Designator=R69
Change Component Physical Designator: Old Designator=RC New Designator=R70
Change Component Physical Designator: Old Designator=RD New Designator=R1
Change Component Physical Designator: Old Designator=RD New Designator=R2
Change Component Physical Designator: Old Designator=RD New Designator=R3
Change Component Physical Designator: Old Designator=RD New Designator=R4
Change Component Physical Designator: Old Designator=RD New Designator=R5
Change Component Physical Designator: Old Designator=RD New Designator=R6
Change Component Physical Designator: Old Designator=RD New Designator=R7
Change Component Physical Designator: Old Designator=RD New Designator=R8
Change Component Physical Designator: Old Designator=RD New Designator=R9
Change Component Physical Designator: Old Designator=RD New Designator=R10
Change Component Physical Designator: Old Designator=RD New Designator=R11
Change Component Physical Designator: Old Designator=RD New Designator=R12
Change Component Physical Designator: Old Designator=RD New Designator=R13
Change Component Physical Designator: Old Designator=RD New Designator=R14
Change Component Physical Designator: Old Designator=RD New Designator=R15
Change Component Physical Designator: Old Designator=RD New Designator=R16
Change Component Physical Designator: Old Designator=RD New Designator=R17
Change Component Physical Designator: Old Designator=RD New Designator=R18
Change Component Physical Designator: Old Designator=RD New Designator=R19
Change Component Physical Designator: Old Designator=RD New Designator=R38
Change Component Physical Designator: Old Designator=RD New Designator=R39
Change Component Physical Designator: Old Designator=RD New Designator=R40
Change Component Physical Designator: Old Designator=RD New Designator=R41
Change Component Physical Designator: Old Designator=RD New Designator=R42
Change Component Physical Designator: Old Designator=RD New Designator=R43
Change Component Physical Designator: Old Designator=U1 New Designator=U7
Change Component Physical Designator: Old Designator=U1 New Designator=U7
Change Component Physical Designator: Old Designator=U2 New Designator=U5
Change Component Physical Designator: Old Designator=U3 New Designator=U6
Change Component Physical Designator: Old Designator=UA New Designator=U1
Change Component Physical Designator: Old Designator=UB New Designator=U2
Change Component Physical Designator: Old Designator=UC New Designator=U3
Change Component Physical Designator: Old Designator=UD New Designator=U4
